#
# There is insufficient memory for the Java Runtime Environment to continue.
# Native memory allocation (mmap) failed to map 123731968 bytes for G1 virtual space
# Possible reasons:
#   The system is out of physical RAM or swap space
#   The process is running with CompressedOops enabled, and the Java Heap may be blocking the growth of the native heap
# Possible solutions:
#   Reduce memory load on the system
#   Increase physical memory or swap space
#   Check if swap backing store is full
#   Decrease Java heap size (-Xmx/-Xms)
#   Decrease number of Java threads
#   Decrease Java thread stack sizes (-Xss)
#   Set larger code cache with -XX:ReservedCodeCacheSize=
#   JVM is running with Unscaled Compressed Oops mode in which the Java heap is
#     placed in the first 4GB address space. The Java Heap base address is the
#     maximum limit for the native heap growth. Please use -XX:HeapBaseMinAddress
#     to set the Java Heap base and to place the Java Heap above 4GB virtual address.
# This output file may be truncated or incomplete.
#
#  Out of Memory Error (os_windows.cpp:3532), pid=29920, tid=22516
#
# JRE version:  (17.0.2+8) (build )
# Java VM: OpenJDK 64-Bit Server VM (17.0.2+8, mixed mode, sharing, tiered, compressed oops, compressed class ptrs, g1 gc, windows-amd64)
# No core dump will be written. Minidumps are not enabled by default on client versions of Windows
#

---------------  S U M M A R Y ------------

Command Line: -Dfile.encoding=Cp1252 -XX:+ShowCodeDetailsInExceptionMessages Quiz.Login

Host: AMD Ryzen 5 4600H with Radeon Graphics         , 12 cores, 7G,  Windows 11 , 64 bit Build 22621 (10.0.22621.1635)
Time: Sat Jun 10 14:49:48 2023 India Standard Time elapsed time: 0.027719 seconds (0d 0h 0m 0s)

---------------  T H R E A D  ---------------

Current thread (0x0000025b26e4de30):  JavaThread "Unknown thread" [_thread_in_vm, id=22516, stack(0x000000db9f700000,0x000000db9f800000)]

Stack: [0x000000db9f700000,0x000000db9f800000]
Native frames: (J=compiled Java code, j=interpreted, Vv=VM code, C=native code)
V  [jvm.dll+0x67564a]
V  [jvm.dll+0x82fc04]
V  [jvm.dll+0x8313ae]
V  [jvm.dll+0x831a13]
V  [jvm.dll+0x245235]
V  [jvm.dll+0x672539]
V  [jvm.dll+0x666e82]
V  [jvm.dll+0x30401b]
V  [jvm.dll+0x30b566]
V  [jvm.dll+0x35b1fe]
V  [jvm.dll+0x35b42f]
V  [jvm.dll+0x2daf58]
V  [jvm.dll+0x2dbec4]
V  [jvm.dll+0x801881]
V  [jvm.dll+0x368f81]
V  [jvm.dll+0x7e0cdc]
V  [jvm.dll+0x3eb8bf]
V  [jvm.dll+0x3ed441]
C  [jli.dll+0x5277]
C  [ucrtbase.dll+0x29363]
C  [KERNEL32.DLL+0x126ad]
C  [ntdll.dll+0x5a9f8]


---------------  P R O C E S S  ---------------

Threads class SMR info:
_java_thread_list=0x00007ff8e4865e98, length=0, elements={
}

Java Threads: ( => current thread )

Other Threads:
  0x0000025b26e8c750 GCTaskThread "GC Thread#0" [stack: 0x000000db9f800000,0x000000db9f900000] [id=24108]
  0x0000025b26e9c250 ConcurrentGCThread "G1 Main Marker" [stack: 0x000000db9f900000,0x000000db9fa00000] [id=21340]
  0x0000025b26e9d560 ConcurrentGCThread "G1 Conc#0" [stack: 0x000000db9fa00000,0x000000db9fb00000] [id=16380]

[error occurred during error reporting (printing all threads), id 0xc0000005, EXCEPTION_ACCESS_VIOLATION (0xc0000005) at pc=0x00007ff8e403b9d7]

VM state: not at safepoint (not fully initialized)

VM Mutex/Monitor currently owned by a thread:  ([mutex/lock_event])
[0x0000025b26e4a360] Heap_lock - owner thread: 0x0000025b26e4de30

Heap address: 0x000000008a200000, size: 1886 MB, Compressed Oops mode: 32-bit

CDS archive(s) mapped at: [0x0000000000000000-0x0000000000000000-0x0000000000000000), size 0, SharedBaseAddress: 0x0000000800000000, ArchiveRelocationMode: 0.
Narrow klass base: 0x0000000000000000, Narrow klass shift: 0, Narrow klass range: 0x0

GC Precious Log:
<Empty>

Heap:
 garbage-first heap   total 0K, used 0K [0x000000008a200000, 0x0000000100000000)
  region size 1024K, 0 young (0K), 0 survivors (0K)

[error occurred during error reporting (printing heap information), id 0xc0000005, EXCEPTION_ACCESS_VIOLATION (0xc0000005) at pc=0x00007ff8e441e899]

GC Heap History (0 events):
No events

Deoptimization events (0 events):
No events

Classes unloaded (0 events):
No events

Classes redefined (0 events):
No events

Internal exceptions (0 events):
No events

VM Operations (0 events):
No events

Events (1 events):
Event: 0.016 Loaded shared library C:\Users\gaurav\Downloads\eclipse-java-2022-03-R-win32-x86_64\eclipse\plugins\org.eclipse.justj.openjdk.hotspot.jre.full.win32.x86_64_17.0.2.v20220201-1208\jre\bin\java.dll


Dynamic libraries:
0x00007ff712330000 - 0x00007ff71233e000 	C:\Users\gaurav\Downloads\eclipse-java-2022-03-R-win32-x86_64\eclipse\plugins\org.eclipse.justj.openjdk.hotspot.jre.full.win32.x86_64_17.0.2.v20220201-1208\jre\bin\javaw.exe
0x00007ff95fb70000 - 0x00007ff95fd84000 	C:\WINDOWS\SYSTEM32\ntdll.dll
0x00007ff95eec0000 - 0x00007ff95ef82000 	C:\WINDOWS\System32\KERNEL32.DLL
0x00007ff95cfc0000 - 0x00007ff95d363000 	C:\WINDOWS\System32\KERNELBASE.dll
0x00007ff95d640000 - 0x00007ff95d751000 	C:\WINDOWS\System32\ucrtbase.dll
0x00007ff920650000 - 0x00007ff920668000 	C:\Users\gaurav\Downloads\eclipse-java-2022-03-R-win32-x86_64\eclipse\plugins\org.eclipse.justj.openjdk.hotspot.jre.full.win32.x86_64_17.0.2.v20220201-1208\jre\bin\jli.dll
0x00007ff920670000 - 0x00007ff920689000 	C:\Users\gaurav\Downloads\eclipse-java-2022-03-R-win32-x86_64\eclipse\plugins\org.eclipse.justj.openjdk.hotspot.jre.full.win32.x86_64_17.0.2.v20220201-1208\jre\bin\VCRUNTIME140.dll
0x00007ff95f030000 - 0x00007ff95f1db000 	C:\WINDOWS\System32\USER32.dll
0x00007ff95cf90000 - 0x00007ff95cfb6000 	C:\WINDOWS\System32\win32u.dll
0x00007ff95f6f0000 - 0x00007ff95f719000 	C:\WINDOWS\System32\GDI32.dll
0x00007ff95d760000 - 0x00007ff95d878000 	C:\WINDOWS\System32\gdi32full.dll
0x00007ff943340000 - 0x00007ff9435ce000 	C:\WINDOWS\WinSxS\amd64_microsoft.windows.common-controls_6595b64144ccf1df_6.0.22621.1635_none_270f70857386168e\COMCTL32.dll
0x00007ff95d370000 - 0x00007ff95d40a000 	C:\WINDOWS\System32\msvcp_win.dll
0x00007ff95e860000 - 0x00007ff95e907000 	C:\WINDOWS\System32\msvcrt.dll
0x00007ff95e990000 - 0x00007ff95e9c1000 	C:\WINDOWS\System32\IMM32.DLL
0x00007ff9331c0000 - 0x00007ff9331cc000 	C:\Users\gaurav\Downloads\eclipse-java-2022-03-R-win32-x86_64\eclipse\plugins\org.eclipse.justj.openjdk.hotspot.jre.full.win32.x86_64_17.0.2.v20220201-1208\jre\bin\vcruntime140_1.dll
0x00007ff9201e0000 - 0x00007ff920271000 	C:\Users\gaurav\Downloads\eclipse-java-2022-03-R-win32-x86_64\eclipse\plugins\org.eclipse.justj.openjdk.hotspot.jre.full.win32.x86_64_17.0.2.v20220201-1208\jre\bin\msvcp140.dll
0x00007ff8e3d50000 - 0x00007ff8e4997000 	C:\Users\gaurav\Downloads\eclipse-java-2022-03-R-win32-x86_64\eclipse\plugins\org.eclipse.justj.openjdk.hotspot.jre.full.win32.x86_64_17.0.2.v20220201-1208\jre\bin\server\jvm.dll
0x00007ff95f720000 - 0x00007ff95f7ce000 	C:\WINDOWS\System32\ADVAPI32.dll
0x00007ff95ee10000 - 0x00007ff95eeb4000 	C:\WINDOWS\System32\sechost.dll
0x00007ff95ead0000 - 0x00007ff95ebe7000 	C:\WINDOWS\System32\RPCRT4.dll
0x00007ff95e6b0000 - 0x00007ff95e6b8000 	C:\WINDOWS\System32\PSAPI.DLL
0x00007ff8e3d40000 - 0x00007ff8e3d49000 	C:\WINDOWS\SYSTEM32\WSOCK32.dll
0x00007ff95d970000 - 0x00007ff95d9e1000 	C:\WINDOWS\System32\WS2_32.dll
0x00007ff954f40000 - 0x00007ff954f74000 	C:\WINDOWS\SYSTEM32\WINMM.dll
0x00007ff954140000 - 0x00007ff95414a000 	C:\WINDOWS\SYSTEM32\VERSION.dll
0x00007ff95bf50000 - 0x00007ff95bf68000 	C:\WINDOWS\SYSTEM32\kernel.appcore.dll
0x00007ff8e3d10000 - 0x00007ff8e3d1a000 	C:\Users\gaurav\Downloads\eclipse-java-2022-03-R-win32-x86_64\eclipse\plugins\org.eclipse.justj.openjdk.hotspot.jre.full.win32.x86_64_17.0.2.v20220201-1208\jre\bin\jimage.dll
0x00007ff949f40000 - 0x00007ff94a16e000 	C:\WINDOWS\SYSTEM32\DBGHELP.DLL
0x00007ff95da10000 - 0x00007ff95dd99000 	C:\WINDOWS\System32\combase.dll
0x00007ff95f7d0000 - 0x00007ff95f8a7000 	C:\WINDOWS\System32\OLEAUT32.dll
0x00007ff93cf20000 - 0x00007ff93cf52000 	C:\WINDOWS\SYSTEM32\dbgcore.DLL
0x00007ff95d880000 - 0x00007ff95d8fb000 	C:\WINDOWS\System32\bcryptPrimitives.dll
0x00007ff8e3ce0000 - 0x00007ff8e3d05000 	C:\Users\gaurav\Downloads\eclipse-java-2022-03-R-win32-x86_64\eclipse\plugins\org.eclipse.justj.openjdk.hotspot.jre.full.win32.x86_64_17.0.2.v20220201-1208\jre\bin\java.dll

dbghelp: loaded successfully - version: 4.0.5 - missing functions: none
symbol engine: initialized successfully - sym options: 0x614 - pdb path: .;C:\Users\gaurav\Downloads\eclipse-java-2022-03-R-win32-x86_64\eclipse\plugins\org.eclipse.justj.openjdk.hotspot.jre.full.win32.x86_64_17.0.2.v20220201-1208\jre\bin;C:\WINDOWS\SYSTEM32;C:\WINDOWS\WinSxS\amd64_microsoft.windows.common-controls_6595b64144ccf1df_6.0.22621.1635_none_270f70857386168e;C:\Users\gaurav\Downloads\eclipse-java-2022-03-R-win32-x86_64\eclipse\plugins\org.eclipse.justj.openjdk.hotspot.jre.full.win32.x86_64_17.0.2.v20220201-1208\jre\bin\server

VM Arguments:
jvm_args: -Dfile.encoding=Cp1252 -XX:+ShowCodeDetailsInExceptionMessages 
java_command: Quiz.Login
java_class_path (initial): C:\Users\gaurav\eclipse-workspace\Quiz Application\bin
Launcher Type: SUN_STANDARD

[Global flags]
     intx CICompilerCount                          = 4                                         {product} {ergonomic}
     uint ConcGCThreads                            = 3                                         {product} {ergonomic}
     uint G1ConcRefinementThreads                  = 10                                        {product} {ergonomic}
   size_t G1HeapRegionSize                         = 1048576                                   {product} {ergonomic}
    uintx GCDrainStackTargetSize                   = 64                                        {product} {ergonomic}
   size_t InitialHeapSize                          = 123731968                                 {product} {ergonomic}
   size_t MarkStackSize                            = 4194304                                   {product} {ergonomic}
   size_t MaxHeapSize                              = 1977614336                                {product} {ergonomic}
   size_t MinHeapDeltaBytes                        = 1048576                                   {product} {ergonomic}
   size_t MinHeapSize                              = 8388608                                   {product} {ergonomic}
    uintx NonNMethodCodeHeapSize                   = 5839372                                {pd product} {ergonomic}
    uintx NonProfiledCodeHeapSize                  = 122909434                              {pd product} {ergonomic}
    uintx ProfiledCodeHeapSize                     = 122909434                              {pd product} {ergonomic}
    uintx ReservedCodeCacheSize                    = 251658240                              {pd product} {ergonomic}
     bool SegmentedCodeCache                       = true                                      {product} {ergonomic}
     bool ShowCodeDetailsInExceptionMessages       = true                                   {manageable} {command line}
   size_t SoftMaxHeapSize                          = 1977614336                             {manageable} {ergonomic}
     bool UseCompressedClassPointers               = true                           {product lp64_product} {ergonomic}
     bool UseCompressedOops                        = true                           {product lp64_product} {ergonomic}
     bool UseG1GC                                  = true                                      {product} {ergonomic}
     bool UseLargePagesIndividualAllocation        = false                                  {pd product} {ergonomic}

Logging:
Log output configuration:
 #0: stdout all=warning uptime,level,tags
 #1: stderr all=off uptime,level,tags

Environment Variables:
PATH=C:/Users/gaurav/Downloads/eclipse-java-2022-03-R-win32-x86_64/eclipse//plugins/org.eclipse.justj.openjdk.hotspot.jre.full.win32.x86_64_17.0.2.v20220201-1208/jre/bin/server;C:/Users/gaurav/Downloads/eclipse-java-2022-03-R-win32-x86_64/eclipse//plugins/org.eclipse.justj.openjdk.hotspot.jre.full.win32.x86_64_17.0.2.v20220201-1208/jre/bin;C:\Program Files\Common Files\Oracle\Java\javapath;C:\Pyhton310\Scripts;C:\Program Files (x86)\Common Files\Oracle\Java\javapath;C:\windows\system32;C:\windows;C:\windows\System32\Wbem;C:\windows\System32\WindowsPowerShell\v1.0\;C:\windows\System32\OpenSSH\;C:\Program Files (x86)\NVIDIA Corporation\PhysX\Common;C:\Program Files\NVIDIA Corporation\NVIDIA NvDLISR;C:\Program Files\Java\jdk1.8.0_341\bin;C:\WINDOWS\system32;C:\WINDOWS;C:\WINDOWS\System32\Wbem;C:\WINDOWS\System32\WindowsPowerShell\v1.0\;C:\WINDOWS\System32\OpenSSH\;C:\Program Files\Java\jdk-20\bin;C:\Users\gaurav\AppData\Local\Programs\Python\Python310\Scripts\;C:\Users\gaurav\AppData\Local\Programs\Python\Python310\;C:\Program Files (x86)\Common Files\Oracle\Java\javapath;C:\windows\system32;C:\windows;C:\windows\System32\Wbem;C:\windows\System32\WindowsPowerShell\v1.0\;C:\windows\System32\OpenSSH\;C:\Program Files (x86)\NVIDIA Corporation\PhysX\Common;C:\Program Files\NVIDIA Corporation\NVIDIA NvDLISR;C:\Program Files\Java\jdk1.8.0_341\bin;C:\Users\gaurav\AppData\Local\Microsoft\WindowsApps;C:\Users\gaurav\AppData\Local\JetBrains\IntelliJ IDEA Community Edition 2021.2.3\bin;C:\Users\gaurav\AppData\Local\Programs\Microsoft VS Code\bin;C:\Python37\Scripts;%USERPROFILE%\AppData\Local\Microsoft\WindowsApps;;C:\Users\gaurav\Downloads\eclipse-java-2022-03-R-win32-x86_64\eclipse;
USERNAME=gaurav
OS=Windows_NT
PROCESSOR_IDENTIFIER=AMD64 Family 23 Model 96 Stepping 1, AuthenticAMD



---------------  S Y S T E M  ---------------

OS:
 Windows 11 , 64 bit Build 22621 (10.0.22621.1635)
OS uptime: 1 days 2:48 hours
Hyper-V role detected

CPU: total 12 (initial active 12) (12 cores per cpu, 2 threads per core) family 23 model 96 stepping 1 microcode 0x0, cx8, cmov, fxsr, ht, mmx, 3dnowpref, sse, sse2, sse3, ssse3, sse4a, sse4.1, sse4.2, popcnt, lzcnt, tsc, tscinvbit, avx, avx2, aes, clmul, bmi1, bmi2, adx, sha, fma, vzeroupper, clflush, clflushopt, hv

Memory: 4k page, system-wide physical 7541M (427M free)
TotalPageFile size 31093M (AvailPageFile size 76M)
current process WorkingSet (physical memory assigned to process): 11M, peak: 11M
current process commit charge ("private bytes"): 64M, peak: 182M

vm_info: OpenJDK 64-Bit Server VM (17.0.2+8) for windows-amd64 JRE (17.0.2+8), built on Jan 20 2022 04:52:34 by "" with MS VC++ 16.7 (VS2019)

END.
