#
# There is insufficient memory for the Java Runtime Environment to continue.
# Native memory allocation (malloc) failed to allocate 119520 bytes for Chunk::new
# Possible reasons:
#   The system is out of physical RAM or swap space
#   The process is running with CompressedOops enabled, and the Java Heap may be blocking the growth of the native heap
# Possible solutions:
#   Reduce memory load on the system
#   Increase physical memory or swap space
#   Check if swap backing store is full
#   Decrease Java heap size (-Xmx/-Xms)
#   Decrease number of Java threads
#   Decrease Java thread stack sizes (-Xss)
#   Set larger code cache with -XX:ReservedCodeCacheSize=
#   JVM is running with Unscaled Compressed Oops mode in which the Java heap is
#     placed in the first 4GB address space. The Java Heap base address is the
#     maximum limit for the native heap growth. Please use -XX:HeapBaseMinAddress
#     to set the Java Heap base and to place the Java Heap above 4GB virtual address.
# This output file may be truncated or incomplete.
#
#  Out of Memory Error (arena.cpp:189), pid=26328, tid=29272
#
# JRE version: OpenJDK Runtime Environment Temurin-17.0.2+8 (17.0.2+8) (build 17.0.2+8)
# Java VM: OpenJDK 64-Bit Server VM Temurin-17.0.2+8 (17.0.2+8, mixed mode, tiered, compressed oops, compressed class ptrs, g1 gc, windows-amd64)
# No core dump will be written. Minidumps are not enabled by default on client versions of Windows
#

---------------  S U M M A R Y ------------

Command Line: -Dfile.encoding=Cp1252 -XX:+ShowCodeDetailsInExceptionMessages Quiz.Quiz

Host: AMD Ryzen 5 4600H with Radeon Graphics         , 12 cores, 7G,  Windows 11 , 64 bit Build 22621 (10.0.22621.1635)
Time: Sat Jun 10 14:51:51 2023 India Standard Time elapsed time: 0.739064 seconds (0d 0h 0m 0s)

---------------  T H R E A D  ---------------

Current thread (0x000002d3f983d010):  JavaThread "C2 CompilerThread0" daemon [_thread_in_native, id=29272, stack(0x000000e53dd00000,0x000000e53de00000)]


Current CompileTask:
C2:    739  720       4       java.util.concurrent.ConcurrentHashMap::get (162 bytes)

Stack: [0x000000e53dd00000,0x000000e53de00000]
Native frames: (J=compiled Java code, j=interpreted, Vv=VM code, C=native code)
V  [jvm.dll+0x67564a]
V  [jvm.dll+0x82fc04]
V  [jvm.dll+0x8313ae]
V  [jvm.dll+0x831a13]
V  [jvm.dll+0x245235]
V  [jvm.dll+0xabd7b]
V  [jvm.dll+0xac30c]
V  [jvm.dll+0x3631f7]
V  [jvm.dll+0x32d891]
V  [jvm.dll+0x32cd3a]
V  [jvm.dll+0x2180d1]
V  [jvm.dll+0x2174f1]
V  [jvm.dll+0x1a3a8d]
V  [jvm.dll+0x226ef8]
V  [jvm.dll+0x22503c]
V  [jvm.dll+0x7e596b]
V  [jvm.dll+0x7dff2a]
V  [jvm.dll+0x6744d5]
C  [ucrtbase.dll+0x29363]
C  [KERNEL32.DLL+0x126ad]
C  [ntdll.dll+0x5a9f8]


---------------  P R O C E S S  ---------------

Threads class SMR info:
_java_thread_list=0x000002d3f9dcdb50, length=15, elements={
0x000002d3edf0c8f0, 0x000002d3f8da6f80, 0x000002d3f8da8940, 0x000002d3f8dd8e20,
0x000002d3f8dd97d0, 0x000002d3f8dda180, 0x000002d3f8ddab30, 0x000002d3f983d010,
0x000002d3f983d910, 0x000002d3f98469e0, 0x000002d3f9991e50, 0x000002d3f999e080,
0x000002d3f9dd5460, 0x000002d3f9dd5930, 0x000002d3f9d99320
}

Java Threads: ( => current thread )
  0x000002d3edf0c8f0 JavaThread "main" [_thread_in_vm, id=26108, stack(0x000000e53d000000,0x000000e53d100000)]
  0x000002d3f8da6f80 JavaThread "Reference Handler" daemon [_thread_blocked, id=38632, stack(0x000000e53d700000,0x000000e53d800000)]
  0x000002d3f8da8940 JavaThread "Finalizer" daemon [_thread_blocked, id=27964, stack(0x000000e53d800000,0x000000e53d900000)]
  0x000002d3f8dd8e20 JavaThread "Signal Dispatcher" daemon [_thread_blocked, id=22224, stack(0x000000e53d900000,0x000000e53da00000)]
  0x000002d3f8dd97d0 JavaThread "Attach Listener" daemon [_thread_blocked, id=26384, stack(0x000000e53da00000,0x000000e53db00000)]
  0x000002d3f8dda180 JavaThread "Service Thread" daemon [_thread_blocked, id=13236, stack(0x000000e53db00000,0x000000e53dc00000)]
  0x000002d3f8ddab30 JavaThread "Monitor Deflation Thread" daemon [_thread_blocked, id=40184, stack(0x000000e53dc00000,0x000000e53dd00000)]
=>0x000002d3f983d010 JavaThread "C2 CompilerThread0" daemon [_thread_in_native, id=29272, stack(0x000000e53dd00000,0x000000e53de00000)]
  0x000002d3f983d910 JavaThread "C1 CompilerThread0" daemon [_thread_blocked, id=6432, stack(0x000000e53de00000,0x000000e53df00000)]
  0x000002d3f98469e0 JavaThread "Sweeper thread" daemon [_thread_blocked, id=36352, stack(0x000000e53df00000,0x000000e53e000000)]
  0x000002d3f9991e50 JavaThread "Notification Thread" daemon [_thread_blocked, id=43740, stack(0x000000e53e000000,0x000000e53e100000)]
  0x000002d3f999e080 JavaThread "Common-Cleaner" daemon [_thread_blocked, id=4232, stack(0x000000e53e200000,0x000000e53e300000)]
  0x000002d3f9dd5460 JavaThread "Java2D Disposer" daemon [_thread_blocked, id=44012, stack(0x000000e53e300000,0x000000e53e400000)]
  0x000002d3f9dd5930 JavaThread "AWT-Shutdown" [_thread_blocked, id=31672, stack(0x000000e53e400000,0x000000e53e500000)]
  0x000002d3f9d99320 JavaThread "AWT-Windows" daemon [_thread_in_native, id=26060, stack(0x000000e53e500000,0x000000e53e600000)]

Other Threads:
  0x000002d3f8da30d0 VMThread "VM Thread" [stack: 0x000000e53d600000,0x000000e53d700000] [id=37524]
  0x000002d3edf82040 WatcherThread [stack: 0x000000e53e100000,0x000000e53e200000] [id=42444]
  0x000002d3edf4aa50 GCTaskThread "GC Thread#0" [stack: 0x000000e53d100000,0x000000e53d200000] [id=36752]
  0x000002d3edf773d0 ConcurrentGCThread "G1 Main Marker" [stack: 0x000000e53d200000,0x000000e53d300000] [id=34200]
  0x000002d3edf783f0 ConcurrentGCThread "G1 Conc#0" [stack: 0x000000e53d300000,0x000000e53d400000] [id=29808]
  0x000002d3f8c020b0 ConcurrentGCThread "G1 Refine#0" [stack: 0x000000e53d400000,0x000000e53d500000] [id=35824]
  0x000002d3f8c02970 ConcurrentGCThread "G1 Service" [stack: 0x000000e53d500000,0x000000e53d600000] [id=36808]

Threads with active compile tasks:
C2 CompilerThread0      757  720       4       java.util.concurrent.ConcurrentHashMap::get (162 bytes)

VM state: not at safepoint (normal execution)

VM Mutex/Monitor currently owned by a thread:  ([mutex/lock_event])
[0x000002d3edf07480] Metaspace_lock - owner thread: 0x000002d3edf0c8f0

Heap address: 0x000000008a200000, size: 1886 MB, Compressed Oops mode: 32-bit

CDS archive(s) not mapped
Compressed class space mapped at: 0x0000000100000000-0x0000000140000000, reserved size: 1073741824
Narrow klass base: 0x0000000000000000, Narrow klass shift: 3, Narrow klass range: 0x140000000

GC Precious Log:
 CPUs: 12 total, 12 available
 Memory: 7541M
 Large Page Support: Disabled
 NUMA Support: Disabled
 Compressed Oops: Enabled (32-bit)
 Heap Region Size: 1M
 Heap Min Capacity: 8M
 Heap Initial Capacity: 118M
 Heap Max Capacity: 1886M
 Pre-touch: Disabled
 Parallel Workers: 10
 Concurrent Workers: 3
 Concurrent Refinement Workers: 10
 Periodic GC: Disabled

Heap:
 garbage-first heap   total 120832K, used 6144K [0x000000008a200000, 0x0000000100000000)
  region size 1024K, 7 young (7168K), 0 survivors (0K)
 Metaspace       used 12653K, committed 12864K, reserved 1064960K
  class space    used 1259K, committed 1344K, reserved 1048576K

Heap Regions: E=young(eden), S=young(survivor), O=old, HS=humongous(starts), HC=humongous(continues), CS=collection set, F=free, OA=open archive, CA=closed archive, TAMS=top-at-mark-start (previous, next)
|   0|0x000000008a200000, 0x000000008a200000, 0x000000008a300000|  0%| F|  |TAMS 0x000000008a200000, 0x000000008a200000| Untracked 
|   1|0x000000008a300000, 0x000000008a300000, 0x000000008a400000|  0%| F|  |TAMS 0x000000008a300000, 0x000000008a300000| Untracked 
|   2|0x000000008a400000, 0x000000008a400000, 0x000000008a500000|  0%| F|  |TAMS 0x000000008a400000, 0x000000008a400000| Untracked 
|   3|0x000000008a500000, 0x000000008a500000, 0x000000008a600000|  0%| F|  |TAMS 0x000000008a500000, 0x000000008a500000| Untracked 
|   4|0x000000008a600000, 0x000000008a600000, 0x000000008a700000|  0%| F|  |TAMS 0x000000008a600000, 0x000000008a600000| Untracked 
|   5|0x000000008a700000, 0x000000008a700000, 0x000000008a800000|  0%| F|  |TAMS 0x000000008a700000, 0x000000008a700000| Untracked 
|   6|0x000000008a800000, 0x000000008a800000, 0x000000008a900000|  0%| F|  |TAMS 0x000000008a800000, 0x000000008a800000| Untracked 
|   7|0x000000008a900000, 0x000000008a900000, 0x000000008aa00000|  0%| F|  |TAMS 0x000000008a900000, 0x000000008a900000| Untracked 
|   8|0x000000008aa00000, 0x000000008aa00000, 0x000000008ab00000|  0%| F|  |TAMS 0x000000008aa00000, 0x000000008aa00000| Untracked 
|   9|0x000000008ab00000, 0x000000008ab00000, 0x000000008ac00000|  0%| F|  |TAMS 0x000000008ab00000, 0x000000008ab00000| Untracked 
|  10|0x000000008ac00000, 0x000000008ac00000, 0x000000008ad00000|  0%| F|  |TAMS 0x000000008ac00000, 0x000000008ac00000| Untracked 
|  11|0x000000008ad00000, 0x000000008ad00000, 0x000000008ae00000|  0%| F|  |TAMS 0x000000008ad00000, 0x000000008ad00000| Untracked 
|  12|0x000000008ae00000, 0x000000008ae00000, 0x000000008af00000|  0%| F|  |TAMS 0x000000008ae00000, 0x000000008ae00000| Untracked 
|  13|0x000000008af00000, 0x000000008af00000, 0x000000008b000000|  0%| F|  |TAMS 0x000000008af00000, 0x000000008af00000| Untracked 
|  14|0x000000008b000000, 0x000000008b000000, 0x000000008b100000|  0%| F|  |TAMS 0x000000008b000000, 0x000000008b000000| Untracked 
|  15|0x000000008b100000, 0x000000008b100000, 0x000000008b200000|  0%| F|  |TAMS 0x000000008b100000, 0x000000008b100000| Untracked 
|  16|0x000000008b200000, 0x000000008b200000, 0x000000008b300000|  0%| F|  |TAMS 0x000000008b200000, 0x000000008b200000| Untracked 
|  17|0x000000008b300000, 0x000000008b300000, 0x000000008b400000|  0%| F|  |TAMS 0x000000008b300000, 0x000000008b300000| Untracked 
|  18|0x000000008b400000, 0x000000008b400000, 0x000000008b500000|  0%| F|  |TAMS 0x000000008b400000, 0x000000008b400000| Untracked 
|  19|0x000000008b500000, 0x000000008b500000, 0x000000008b600000|  0%| F|  |TAMS 0x000000008b500000, 0x000000008b500000| Untracked 
|  20|0x000000008b600000, 0x000000008b600000, 0x000000008b700000|  0%| F|  |TAMS 0x000000008b600000, 0x000000008b600000| Untracked 
|  21|0x000000008b700000, 0x000000008b700000, 0x000000008b800000|  0%| F|  |TAMS 0x000000008b700000, 0x000000008b700000| Untracked 
|  22|0x000000008b800000, 0x000000008b800000, 0x000000008b900000|  0%| F|  |TAMS 0x000000008b800000, 0x000000008b800000| Untracked 
|  23|0x000000008b900000, 0x000000008b900000, 0x000000008ba00000|  0%| F|  |TAMS 0x000000008b900000, 0x000000008b900000| Untracked 
|  24|0x000000008ba00000, 0x000000008ba00000, 0x000000008bb00000|  0%| F|  |TAMS 0x000000008ba00000, 0x000000008ba00000| Untracked 
|  25|0x000000008bb00000, 0x000000008bb00000, 0x000000008bc00000|  0%| F|  |TAMS 0x000000008bb00000, 0x000000008bb00000| Untracked 
|  26|0x000000008bc00000, 0x000000008bc00000, 0x000000008bd00000|  0%| F|  |TAMS 0x000000008bc00000, 0x000000008bc00000| Untracked 
|  27|0x000000008bd00000, 0x000000008bd00000, 0x000000008be00000|  0%| F|  |TAMS 0x000000008bd00000, 0x000000008bd00000| Untracked 
|  28|0x000000008be00000, 0x000000008be00000, 0x000000008bf00000|  0%| F|  |TAMS 0x000000008be00000, 0x000000008be00000| Untracked 
|  29|0x000000008bf00000, 0x000000008bf00000, 0x000000008c000000|  0%| F|  |TAMS 0x000000008bf00000, 0x000000008bf00000| Untracked 
|  30|0x000000008c000000, 0x000000008c000000, 0x000000008c100000|  0%| F|  |TAMS 0x000000008c000000, 0x000000008c000000| Untracked 
|  31|0x000000008c100000, 0x000000008c100000, 0x000000008c200000|  0%| F|  |TAMS 0x000000008c100000, 0x000000008c100000| Untracked 
|  32|0x000000008c200000, 0x000000008c200000, 0x000000008c300000|  0%| F|  |TAMS 0x000000008c200000, 0x000000008c200000| Untracked 
|  33|0x000000008c300000, 0x000000008c300000, 0x000000008c400000|  0%| F|  |TAMS 0x000000008c300000, 0x000000008c300000| Untracked 
|  34|0x000000008c400000, 0x000000008c400000, 0x000000008c500000|  0%| F|  |TAMS 0x000000008c400000, 0x000000008c400000| Untracked 
|  35|0x000000008c500000, 0x000000008c500000, 0x000000008c600000|  0%| F|  |TAMS 0x000000008c500000, 0x000000008c500000| Untracked 
|  36|0x000000008c600000, 0x000000008c600000, 0x000000008c700000|  0%| F|  |TAMS 0x000000008c600000, 0x000000008c600000| Untracked 
|  37|0x000000008c700000, 0x000000008c700000, 0x000000008c800000|  0%| F|  |TAMS 0x000000008c700000, 0x000000008c700000| Untracked 
|  38|0x000000008c800000, 0x000000008c800000, 0x000000008c900000|  0%| F|  |TAMS 0x000000008c800000, 0x000000008c800000| Untracked 
|  39|0x000000008c900000, 0x000000008c900000, 0x000000008ca00000|  0%| F|  |TAMS 0x000000008c900000, 0x000000008c900000| Untracked 
|  40|0x000000008ca00000, 0x000000008ca00000, 0x000000008cb00000|  0%| F|  |TAMS 0x000000008ca00000, 0x000000008ca00000| Untracked 
|  41|0x000000008cb00000, 0x000000008cb00000, 0x000000008cc00000|  0%| F|  |TAMS 0x000000008cb00000, 0x000000008cb00000| Untracked 
|  42|0x000000008cc00000, 0x000000008cc00000, 0x000000008cd00000|  0%| F|  |TAMS 0x000000008cc00000, 0x000000008cc00000| Untracked 
|  43|0x000000008cd00000, 0x000000008cd00000, 0x000000008ce00000|  0%| F|  |TAMS 0x000000008cd00000, 0x000000008cd00000| Untracked 
|  44|0x000000008ce00000, 0x000000008ce00000, 0x000000008cf00000|  0%| F|  |TAMS 0x000000008ce00000, 0x000000008ce00000| Untracked 
|  45|0x000000008cf00000, 0x000000008cf00000, 0x000000008d000000|  0%| F|  |TAMS 0x000000008cf00000, 0x000000008cf00000| Untracked 
|  46|0x000000008d000000, 0x000000008d000000, 0x000000008d100000|  0%| F|  |TAMS 0x000000008d000000, 0x000000008d000000| Untracked 
|  47|0x000000008d100000, 0x000000008d100000, 0x000000008d200000|  0%| F|  |TAMS 0x000000008d100000, 0x000000008d100000| Untracked 
|  48|0x000000008d200000, 0x000000008d200000, 0x000000008d300000|  0%| F|  |TAMS 0x000000008d200000, 0x000000008d200000| Untracked 
|  49|0x000000008d300000, 0x000000008d300000, 0x000000008d400000|  0%| F|  |TAMS 0x000000008d300000, 0x000000008d300000| Untracked 
|  50|0x000000008d400000, 0x000000008d400000, 0x000000008d500000|  0%| F|  |TAMS 0x000000008d400000, 0x000000008d400000| Untracked 
|  51|0x000000008d500000, 0x000000008d500000, 0x000000008d600000|  0%| F|  |TAMS 0x000000008d500000, 0x000000008d500000| Untracked 
|  52|0x000000008d600000, 0x000000008d600000, 0x000000008d700000|  0%| F|  |TAMS 0x000000008d600000, 0x000000008d600000| Untracked 
|  53|0x000000008d700000, 0x000000008d700000, 0x000000008d800000|  0%| F|  |TAMS 0x000000008d700000, 0x000000008d700000| Untracked 
|  54|0x000000008d800000, 0x000000008d800000, 0x000000008d900000|  0%| F|  |TAMS 0x000000008d800000, 0x000000008d800000| Untracked 
|  55|0x000000008d900000, 0x000000008d900000, 0x000000008da00000|  0%| F|  |TAMS 0x000000008d900000, 0x000000008d900000| Untracked 
|  56|0x000000008da00000, 0x000000008da00000, 0x000000008db00000|  0%| F|  |TAMS 0x000000008da00000, 0x000000008da00000| Untracked 
|  57|0x000000008db00000, 0x000000008db00000, 0x000000008dc00000|  0%| F|  |TAMS 0x000000008db00000, 0x000000008db00000| Untracked 
|  58|0x000000008dc00000, 0x000000008dc00000, 0x000000008dd00000|  0%| F|  |TAMS 0x000000008dc00000, 0x000000008dc00000| Untracked 
|  59|0x000000008dd00000, 0x000000008dd00000, 0x000000008de00000|  0%| F|  |TAMS 0x000000008dd00000, 0x000000008dd00000| Untracked 
|  60|0x000000008de00000, 0x000000008de00000, 0x000000008df00000|  0%| F|  |TAMS 0x000000008de00000, 0x000000008de00000| Untracked 
|  61|0x000000008df00000, 0x000000008df00000, 0x000000008e000000|  0%| F|  |TAMS 0x000000008df00000, 0x000000008df00000| Untracked 
|  62|0x000000008e000000, 0x000000008e000000, 0x000000008e100000|  0%| F|  |TAMS 0x000000008e000000, 0x000000008e000000| Untracked 
|  63|0x000000008e100000, 0x000000008e100000, 0x000000008e200000|  0%| F|  |TAMS 0x000000008e100000, 0x000000008e100000| Untracked 
|  64|0x000000008e200000, 0x000000008e200000, 0x000000008e300000|  0%| F|  |TAMS 0x000000008e200000, 0x000000008e200000| Untracked 
|  65|0x000000008e300000, 0x000000008e300000, 0x000000008e400000|  0%| F|  |TAMS 0x000000008e300000, 0x000000008e300000| Untracked 
|  66|0x000000008e400000, 0x000000008e400000, 0x000000008e500000|  0%| F|  |TAMS 0x000000008e400000, 0x000000008e400000| Untracked 
|  67|0x000000008e500000, 0x000000008e500000, 0x000000008e600000|  0%| F|  |TAMS 0x000000008e500000, 0x000000008e500000| Untracked 
|  68|0x000000008e600000, 0x000000008e600000, 0x000000008e700000|  0%| F|  |TAMS 0x000000008e600000, 0x000000008e600000| Untracked 
|  69|0x000000008e700000, 0x000000008e700000, 0x000000008e800000|  0%| F|  |TAMS 0x000000008e700000, 0x000000008e700000| Untracked 
|  70|0x000000008e800000, 0x000000008e800000, 0x000000008e900000|  0%| F|  |TAMS 0x000000008e800000, 0x000000008e800000| Untracked 
|  71|0x000000008e900000, 0x000000008e900000, 0x000000008ea00000|  0%| F|  |TAMS 0x000000008e900000, 0x000000008e900000| Untracked 
|  72|0x000000008ea00000, 0x000000008ea00000, 0x000000008eb00000|  0%| F|  |TAMS 0x000000008ea00000, 0x000000008ea00000| Untracked 
|  73|0x000000008eb00000, 0x000000008eb00000, 0x000000008ec00000|  0%| F|  |TAMS 0x000000008eb00000, 0x000000008eb00000| Untracked 
|  74|0x000000008ec00000, 0x000000008ec00000, 0x000000008ed00000|  0%| F|  |TAMS 0x000000008ec00000, 0x000000008ec00000| Untracked 
|  75|0x000000008ed00000, 0x000000008ed00000, 0x000000008ee00000|  0%| F|  |TAMS 0x000000008ed00000, 0x000000008ed00000| Untracked 
|  76|0x000000008ee00000, 0x000000008ee00000, 0x000000008ef00000|  0%| F|  |TAMS 0x000000008ee00000, 0x000000008ee00000| Untracked 
|  77|0x000000008ef00000, 0x000000008ef00000, 0x000000008f000000|  0%| F|  |TAMS 0x000000008ef00000, 0x000000008ef00000| Untracked 
|  78|0x000000008f000000, 0x000000008f000000, 0x000000008f100000|  0%| F|  |TAMS 0x000000008f000000, 0x000000008f000000| Untracked 
|  79|0x000000008f100000, 0x000000008f100000, 0x000000008f200000|  0%| F|  |TAMS 0x000000008f100000, 0x000000008f100000| Untracked 
|  80|0x000000008f200000, 0x000000008f200000, 0x000000008f300000|  0%| F|  |TAMS 0x000000008f200000, 0x000000008f200000| Untracked 
|  81|0x000000008f300000, 0x000000008f300000, 0x000000008f400000|  0%| F|  |TAMS 0x000000008f300000, 0x000000008f300000| Untracked 
|  82|0x000000008f400000, 0x000000008f400000, 0x000000008f500000|  0%| F|  |TAMS 0x000000008f400000, 0x000000008f400000| Untracked 
|  83|0x000000008f500000, 0x000000008f500000, 0x000000008f600000|  0%| F|  |TAMS 0x000000008f500000, 0x000000008f500000| Untracked 
|  84|0x000000008f600000, 0x000000008f600000, 0x000000008f700000|  0%| F|  |TAMS 0x000000008f600000, 0x000000008f600000| Untracked 
|  85|0x000000008f700000, 0x000000008f700000, 0x000000008f800000|  0%| F|  |TAMS 0x000000008f700000, 0x000000008f700000| Untracked 
|  86|0x000000008f800000, 0x000000008f800000, 0x000000008f900000|  0%| F|  |TAMS 0x000000008f800000, 0x000000008f800000| Untracked 
|  87|0x000000008f900000, 0x000000008f900000, 0x000000008fa00000|  0%| F|  |TAMS 0x000000008f900000, 0x000000008f900000| Untracked 
|  88|0x000000008fa00000, 0x000000008fa00000, 0x000000008fb00000|  0%| F|  |TAMS 0x000000008fa00000, 0x000000008fa00000| Untracked 
|  89|0x000000008fb00000, 0x000000008fb00000, 0x000000008fc00000|  0%| F|  |TAMS 0x000000008fb00000, 0x000000008fb00000| Untracked 
|  90|0x000000008fc00000, 0x000000008fc00000, 0x000000008fd00000|  0%| F|  |TAMS 0x000000008fc00000, 0x000000008fc00000| Untracked 
|  91|0x000000008fd00000, 0x000000008fd00000, 0x000000008fe00000|  0%| F|  |TAMS 0x000000008fd00000, 0x000000008fd00000| Untracked 
|  92|0x000000008fe00000, 0x000000008fe00000, 0x000000008ff00000|  0%| F|  |TAMS 0x000000008fe00000, 0x000000008fe00000| Untracked 
|  93|0x000000008ff00000, 0x000000008ff00000, 0x0000000090000000|  0%| F|  |TAMS 0x000000008ff00000, 0x000000008ff00000| Untracked 
|  94|0x0000000090000000, 0x0000000090000000, 0x0000000090100000|  0%| F|  |TAMS 0x0000000090000000, 0x0000000090000000| Untracked 
|  95|0x0000000090100000, 0x0000000090100000, 0x0000000090200000|  0%| F|  |TAMS 0x0000000090100000, 0x0000000090100000| Untracked 
|  96|0x0000000090200000, 0x0000000090200000, 0x0000000090300000|  0%| F|  |TAMS 0x0000000090200000, 0x0000000090200000| Untracked 
|  97|0x0000000090300000, 0x0000000090300000, 0x0000000090400000|  0%| F|  |TAMS 0x0000000090300000, 0x0000000090300000| Untracked 
|  98|0x0000000090400000, 0x0000000090400000, 0x0000000090500000|  0%| F|  |TAMS 0x0000000090400000, 0x0000000090400000| Untracked 
|  99|0x0000000090500000, 0x0000000090500000, 0x0000000090600000|  0%| F|  |TAMS 0x0000000090500000, 0x0000000090500000| Untracked 
| 100|0x0000000090600000, 0x0000000090600000, 0x0000000090700000|  0%| F|  |TAMS 0x0000000090600000, 0x0000000090600000| Untracked 
| 101|0x0000000090700000, 0x0000000090700000, 0x0000000090800000|  0%| F|  |TAMS 0x0000000090700000, 0x0000000090700000| Untracked 
| 102|0x0000000090800000, 0x0000000090800000, 0x0000000090900000|  0%| F|  |TAMS 0x0000000090800000, 0x0000000090800000| Untracked 
| 103|0x0000000090900000, 0x0000000090900000, 0x0000000090a00000|  0%| F|  |TAMS 0x0000000090900000, 0x0000000090900000| Untracked 
| 104|0x0000000090a00000, 0x0000000090a00000, 0x0000000090b00000|  0%| F|  |TAMS 0x0000000090a00000, 0x0000000090a00000| Untracked 
| 105|0x0000000090b00000, 0x0000000090b00000, 0x0000000090c00000|  0%| F|  |TAMS 0x0000000090b00000, 0x0000000090b00000| Untracked 
| 106|0x0000000090c00000, 0x0000000090c00000, 0x0000000090d00000|  0%| F|  |TAMS 0x0000000090c00000, 0x0000000090c00000| Untracked 
| 107|0x0000000090d00000, 0x0000000090d00000, 0x0000000090e00000|  0%| F|  |TAMS 0x0000000090d00000, 0x0000000090d00000| Untracked 
| 108|0x0000000090e00000, 0x0000000090e00000, 0x0000000090f00000|  0%| F|  |TAMS 0x0000000090e00000, 0x0000000090e00000| Untracked 
| 109|0x0000000090f00000, 0x0000000090f00000, 0x0000000091000000|  0%| F|  |TAMS 0x0000000090f00000, 0x0000000090f00000| Untracked 
| 110|0x0000000091000000, 0x0000000091000000, 0x0000000091100000|  0%| F|  |TAMS 0x0000000091000000, 0x0000000091000000| Untracked 
| 111|0x0000000091100000, 0x0000000091176448, 0x0000000091200000| 46%| E|  |TAMS 0x0000000091100000, 0x0000000091100000| Complete 
| 112|0x0000000091200000, 0x0000000091300000, 0x0000000091300000|100%| E|CS|TAMS 0x0000000091200000, 0x0000000091200000| Complete 
| 113|0x0000000091300000, 0x0000000091400000, 0x0000000091400000|100%| E|CS|TAMS 0x0000000091300000, 0x0000000091300000| Complete 
| 114|0x0000000091400000, 0x0000000091500000, 0x0000000091500000|100%| E|CS|TAMS 0x0000000091400000, 0x0000000091400000| Complete 
| 115|0x0000000091500000, 0x0000000091600000, 0x0000000091600000|100%| E|CS|TAMS 0x0000000091500000, 0x0000000091500000| Complete 
| 116|0x0000000091600000, 0x0000000091700000, 0x0000000091700000|100%| E|CS|TAMS 0x0000000091600000, 0x0000000091600000| Complete 
| 117|0x0000000091700000, 0x0000000091800000, 0x0000000091800000|100%| E|CS|TAMS 0x0000000091700000, 0x0000000091700000| Complete 

Card table byte_map: [0x000002d3f1ed0000,0x000002d3f2280000] _byte_map_base: 0x000002d3f1a7f000

Marking Bits (Prev, Next): (CMBitMap*) 0x000002d3edf4b060, (CMBitMap*) 0x000002d3edf4b0a0
 Prev Bits: [0x000002d3f2630000, 0x000002d3f43a8000)
 Next Bits: [0x000002d3f43b0000, 0x000002d3f6128000)

Polling page: 0x000002d3ebc30000

Metaspace:

Usage:
  Non-class:     11.13 MB used.
      Class:      1.23 MB used.
       Both:     12.36 MB used.

Virtual space:
  Non-class space:       16.00 MB reserved,      11.25 MB ( 70%) committed,  2 nodes.
      Class space:        1.00 GB reserved,       1.31 MB ( <1%) committed,  1 nodes.
             Both:        1.02 GB reserved,      12.56 MB (  1%) committed. 

Chunk freelists:
   Non-Class:  488.00 KB
       Class:  2.61 MB
        Both:  3.09 MB

MaxMetaspaceSize: unlimited
CompressedClassSpaceSize: 1.00 GB
Initial GC threshold: 21.00 MB
Current GC threshold: 21.00 MB
CDS: off
MetaspaceReclaimPolicy: balanced
 - commit_granule_bytes: 65536.
 - commit_granule_words: 8192.
 - virtual_space_node_default_size: 1048576.
 - enlarge_chunks_in_place: 1.
 - new_chunks_are_fully_committed: 0.
 - uncommit_free_chunks: 1.
 - use_allocation_guard: 0.
 - handle_deallocations: 1.


Internal statistics:

num_allocs_failed_limit: 0.
num_arena_births: 110.
num_arena_deaths: 0.
num_vsnodes_births: 3.
num_vsnodes_deaths: 0.
num_space_committed: 201.
num_space_uncommitted: 0.
num_chunks_returned_to_freelist: 0.
num_chunks_taken_from_freelist: 155.
num_chunk_merges: 0.
num_chunk_splits: 91.
num_chunks_enlarged: 53.
num_purges: 0.
num_inconsistent_stats: 0.

CodeHeap 'non-profiled nmethods': size=120000Kb used=197Kb max_used=197Kb free=119802Kb
 bounds [0x000002d387ad0000, 0x000002d387d40000, 0x000002d38f000000]
CodeHeap 'profiled nmethods': size=120000Kb used=1155Kb max_used=1155Kb free=118844Kb
 bounds [0x000002d3805a0000, 0x000002d380810000, 0x000002d387ad0000]
CodeHeap 'non-nmethods': size=5760Kb used=1224Kb max_used=1236Kb free=4535Kb
 bounds [0x000002d380000000, 0x000002d380270000, 0x000002d3805a0000]
 total_blobs=1313 nmethods=775 adapters=451
 compilation: enabled
              stopped_count=0, restarted_count=0
 full_count=0

Compilation events (20 events):
Event: 0.727 Thread 0x000002d3f983d910  730       3       javax.swing.text.View::getDocument (10 bytes)
Event: 0.727 Thread 0x000002d3f983d910 nmethod 730 0x000002d3806abc90 code [0x000002d3806abe20, 0x000002d3806abff8]
Event: 0.727 Thread 0x000002d3f983d910  731       1       java.awt.Font::hasLayoutAttributes (5 bytes)
Event: 0.727 Thread 0x000002d3f983d910 nmethod 731 0x000002d387afed90 code [0x000002d387afef20, 0x000002d387afeff8]
Event: 0.727 Thread 0x000002d3f983d910  733       3       javax.swing.text.GlyphView::checkPainter (43 bytes)
Event: 0.727 Thread 0x000002d3f983d910 nmethod 733 0x000002d3806ac110 code [0x000002d3806ac320, 0x000002d3806acc88]
Event: 0.727 Thread 0x000002d3f983d910  734       3       javax.swing.text.StyleContext$NamedStyle::getAttribute (11 bytes)
Event: 0.727 Thread 0x000002d3f983d910 nmethod 734 0x000002d3806acf10 code [0x000002d3806ad0c0, 0x000002d3806ad288]
Event: 0.727 Thread 0x000002d3f983d910  735       3       sun.font.FontDesignMetrics::charsWidth (188 bytes)
Event: 0.728 Thread 0x000002d3f983d910 nmethod 735 0x000002d3806ad390 code [0x000002d3806ad680, 0x000002d3806ae3e8]
Event: 0.728 Thread 0x000002d3f983d910  739       3       javax.swing.text.Utilities::getTabbedTextWidth (363 bytes)
Event: 0.729 Thread 0x000002d3f983d910 nmethod 739 0x000002d3806aea10 code [0x000002d3806aec80, 0x000002d3806af888]
Event: 0.729 Thread 0x000002d3f983d910  741       3       javax.swing.text.GlyphView::getBreakSpot (247 bytes)
Event: 0.730 Thread 0x000002d3f983d910 nmethod 741 0x000002d3806afd90 code [0x000002d3806b0060, 0x000002d3806b1348]
Event: 0.730 Thread 0x000002d3f983d910  740       3       javax.swing.text.AbstractDocument$LeafElement::getStartOffset (10 bytes)
Event: 0.730 Thread 0x000002d3f983d910 nmethod 740 0x000002d3806b1a90 code [0x000002d3806b1c40, 0x000002d3806b1e28]
Event: 0.731 Thread 0x000002d3f983d910  738       3       javax.swing.text.GapContent::getChars (226 bytes)
Event: 0.731 Thread 0x000002d3f983d910 nmethod 738 0x000002d3806b1f90 code [0x000002d3806b2220, 0x000002d3806b3258]
Event: 0.731 Thread 0x000002d3f983d910  737   !   3       javax.swing.JComponent::getClientProperty (56 bytes)
Event: 0.732 Thread 0x000002d3f983d910 nmethod 737 0x000002d3806b3690 code [0x000002d3806b3860, 0x000002d3806b3be8]

GC Heap History (0 events):
No events

Deoptimization events (20 events):
Event: 0.616 Thread 0x000002d3edf0c8f0 DEOPT PACKING pc=0x000002d3805b67e7 sp=0x000000e53d0fdc90
Event: 0.616 Thread 0x000002d3edf0c8f0 DEOPT UNPACKING pc=0x000002d380052b43 sp=0x000000e53d0fd0b0 mode 0
Event: 0.620 Thread 0x000002d3edf0c8f0 DEOPT PACKING pc=0x000002d3805b5b51 sp=0x000000e53d0fd2d0
Event: 0.620 Thread 0x000002d3edf0c8f0 DEOPT UNPACKING pc=0x000002d380052b43 sp=0x000000e53d0fc748 mode 0
Event: 0.673 Thread 0x000002d3edf0c8f0 Uncommon trap: trap_request=0xffffffde fr.pc=0x000002d387aed024 relative=0x00000000000001a4
Event: 0.673 Thread 0x000002d3edf0c8f0 Uncommon trap: reason=class_check action=maybe_recompile pc=0x000002d387aed024 method=java.lang.String.equals(Ljava/lang/Object;)Z @ 8 c2
Event: 0.673 Thread 0x000002d3edf0c8f0 DEOPT PACKING pc=0x000002d387aed024 sp=0x000000e53d0fe550
Event: 0.673 Thread 0x000002d3edf0c8f0 DEOPT UNPACKING pc=0x000002d3800523a3 sp=0x000000e53d0fe4f8 mode 2
Event: 0.674 Thread 0x000002d3edf0c8f0 Uncommon trap: trap_request=0xffffffde fr.pc=0x000002d387aed024 relative=0x00000000000001a4
Event: 0.674 Thread 0x000002d3edf0c8f0 Uncommon trap: reason=class_check action=maybe_recompile pc=0x000002d387aed024 method=java.lang.String.equals(Ljava/lang/Object;)Z @ 8 c2
Event: 0.674 Thread 0x000002d3edf0c8f0 DEOPT PACKING pc=0x000002d387aed024 sp=0x000000e53d0fe740
Event: 0.674 Thread 0x000002d3edf0c8f0 DEOPT UNPACKING pc=0x000002d3800523a3 sp=0x000000e53d0fe6e8 mode 2
Event: 0.675 Thread 0x000002d3edf0c8f0 Uncommon trap: trap_request=0xffffffde fr.pc=0x000002d387aed024 relative=0x00000000000001a4
Event: 0.675 Thread 0x000002d3edf0c8f0 Uncommon trap: reason=class_check action=maybe_recompile pc=0x000002d387aed024 method=java.lang.String.equals(Ljava/lang/Object;)Z @ 8 c2
Event: 0.675 Thread 0x000002d3edf0c8f0 DEOPT PACKING pc=0x000002d387aed024 sp=0x000000e53d0fee20
Event: 0.675 Thread 0x000002d3edf0c8f0 DEOPT UNPACKING pc=0x000002d3800523a3 sp=0x000000e53d0fedc8 mode 2
Event: 0.677 Thread 0x000002d3edf0c8f0 Uncommon trap: trap_request=0xffffffde fr.pc=0x000002d387aed024 relative=0x00000000000001a4
Event: 0.677 Thread 0x000002d3edf0c8f0 Uncommon trap: reason=class_check action=maybe_recompile pc=0x000002d387aed024 method=java.lang.String.equals(Ljava/lang/Object;)Z @ 8 c2
Event: 0.677 Thread 0x000002d3edf0c8f0 DEOPT PACKING pc=0x000002d387aed024 sp=0x000000e53d0fec30
Event: 0.677 Thread 0x000002d3edf0c8f0 DEOPT UNPACKING pc=0x000002d3800523a3 sp=0x000000e53d0febd8 mode 2

Classes unloaded (0 events):
No events

Classes redefined (0 events):
No events

Internal exceptions (10 events):
Event: 0.205 Thread 0x000002d3edf0c8f0 Exception <a 'java/lang/ClassNotFoundException'{0x0000000091647a70}: sun/awt/resources/spi/awtProvider> (0x0000000091647a70) 
thrown [e:\jenkins\tmp\workspace\build\src\src\hotspot\share\classfile\systemDictionary.cpp, line 256]
Event: 0.251 Thread 0x000002d3edf0c8f0 Exception <a 'java/io/FileNotFoundException'{0x00000000916a24d8}> (0x00000000916a24d8) 
thrown [e:\jenkins\tmp\workspace\build\src\src\hotspot\share\prims\jni.cpp, line 516]
Event: 0.261 Thread 0x000002d3edf0c8f0 Exception <a 'java/io/FileNotFoundException'{0x00000000916cf488}> (0x00000000916cf488) 
thrown [e:\jenkins\tmp\workspace\build\src\src\hotspot\share\prims\jni.cpp, line 516]
Event: 0.337 Thread 0x000002d3edf0c8f0 Exception <a 'java/lang/NoSuchMethodError'{0x0000000091523948}: 'java.lang.Object java.lang.invoke.DirectMethodHandle$Holder.invokeStaticInit(java.lang.Object)'> (0x0000000091523948) 
thrown [e:\jenkins\tmp\workspace\build\src\src\hotspot\share\interpreter\linkResolver.cpp, line 766]
Event: 0.466 Thread 0x000002d3edf0c8f0 Exception <a 'java/lang/NoSuchMethodError'{0x000000009156d788}: 'void java.lang.invoke.DirectMethodHandle$Holder.invokeSpecial(java.lang.Object, java.lang.Object, java.lang.Object)'> (0x000000009156d788) 
thrown [e:\jenkins\tmp\workspace\build\src\src\hotspot\share\interpreter\linkResolver.cpp, line 766]
Event: 0.477 Thread 0x000002d3edf0c8f0 Exception <a 'java/lang/NoSuchMethodError'{0x000000009140e6f8}: 'java.lang.Object java.lang.invoke.DirectMethodHandle$Holder.newInvokeSpecial(java.lang.Object, java.lang.Object, java.lang.Object, java.lang.Object, java.lang.Object)'> (0x000000009140e6f8) 
thrown [e:\jenkins\tmp\workspace\build\src\src\hotspot\share\interpreter\linkResolver.cpp, line 766]
Event: 0.480 Thread 0x000002d3edf0c8f0 Exception <a 'java/lang/NoSuchMethodError'{0x000000009141a1b0}: 'java.lang.Object java.lang.invoke.DirectMethodHandle$Holder.invokeStatic(java.lang.Object, int, java.lang.Object, java.lang.Object, java.lang.Object, java.lang.Object)'> (0x000000009141a1b0) 
thrown [e:\jenkins\tmp\workspace\build\src\src\hotspot\share\interpreter\linkResolver.cpp, line 766]
Event: 0.486 Thread 0x000002d3edf0c8f0 Exception <a 'java/lang/NoSuchMethodError'{0x000000009143f970}: 'java.lang.Object java.lang.invoke.DirectMethodHandle$Holder.invokeStatic(java.lang.Object, int, java.lang.Object)'> (0x000000009143f970) 
thrown [e:\jenkins\tmp\workspace\build\src\src\hotspot\share\interpreter\linkResolver.cpp, line 766]
Event: 0.516 Thread 0x000002d3edf0c8f0 Exception <a 'java/lang/ClassNotFoundException'{0x00000000914f74f0}: com/sun/swing/internal/plaf/metal/resources/spi/metalProvider> (0x00000000914f74f0) 
thrown [e:\jenkins\tmp\workspace\build\src\src\hotspot\share\classfile\systemDictionary.cpp, line 256]
Event: 0.517 Thread 0x000002d3edf0c8f0 Exception <a 'java/lang/ClassNotFoundException'{0x00000000914fb3c8}: com/sun/swing/internal/plaf/basic/resources/spi/basicProvider> (0x00000000914fb3c8) 
thrown [e:\jenkins\tmp\workspace\build\src\src\hotspot\share\classfile\systemDictionary.cpp, line 256]

VM Operations (8 events):
Event: 0.151 Executing VM operation: HandshakeAllThreads
Event: 0.151 Executing VM operation: HandshakeAllThreads done
Event: 0.516 Executing VM operation: HandshakeAllThreads
Event: 0.516 Executing VM operation: HandshakeAllThreads done
Event: 0.546 Executing VM operation: HandshakeAllThreads
Event: 0.546 Executing VM operation: HandshakeAllThreads done
Event: 0.619 Executing VM operation: HandshakeAllThreads
Event: 0.619 Executing VM operation: HandshakeAllThreads done

Events (20 events):
Event: 0.689 loading class jdk/internal/misc/ScopedMemoryAccess$Scope done
Event: 0.690 loading class sun/font/FontDesignMetrics$KeyReference
Event: 0.690 loading class sun/font/FontDesignMetrics$KeyReference done
Event: 0.690 loading class javax/swing/text/ParagraphView$Row
Event: 0.690 loading class javax/swing/text/ParagraphView$Row done
Event: 0.690 loading class javax/swing/text/Utilities
Event: 0.691 loading class javax/swing/text/Utilities done
Event: 0.691 loading class sun/font/CompositeGlyphMapper
Event: 0.691 loading class sun/font/CompositeGlyphMapper done
Event: 0.709 loading class javax/swing/text/WhitespaceBasedBreakIterator
Event: 0.709 loading class java/text/BreakIterator
Event: 0.709 loading class java/text/BreakIterator done
Event: 0.709 loading class javax/swing/text/WhitespaceBasedBreakIterator done
Event: 0.722 loading class javax/swing/text/ComponentView
Event: 0.722 loading class javax/swing/text/ComponentView done
Event: 0.730 loading class javax/swing/JEditorPane
Event: 0.731 loading class javax/swing/text/JTextComponent
Event: 0.732 loading class javax/swing/Scrollable
Event: 0.732 loading class javax/swing/Scrollable done
Event: 0.732 loading class javax/swing/text/JTextComponent done


Dynamic libraries:
0x00007ff712330000 - 0x00007ff71233e000 	C:\Users\gaurav\Downloads\eclipse-java-2022-03-R-win32-x86_64\eclipse\plugins\org.eclipse.justj.openjdk.hotspot.jre.full.win32.x86_64_17.0.2.v20220201-1208\jre\bin\javaw.exe
0x00007ff95fb70000 - 0x00007ff95fd84000 	C:\WINDOWS\SYSTEM32\ntdll.dll
0x00007ff95eec0000 - 0x00007ff95ef82000 	C:\WINDOWS\System32\KERNEL32.DLL
0x00007ff95cfc0000 - 0x00007ff95d363000 	C:\WINDOWS\System32\KERNELBASE.dll
0x00007ff95d640000 - 0x00007ff95d751000 	C:\WINDOWS\System32\ucrtbase.dll
0x00007ff920670000 - 0x00007ff920689000 	C:\Users\gaurav\Downloads\eclipse-java-2022-03-R-win32-x86_64\eclipse\plugins\org.eclipse.justj.openjdk.hotspot.jre.full.win32.x86_64_17.0.2.v20220201-1208\jre\bin\VCRUNTIME140.dll
0x00007ff920650000 - 0x00007ff920668000 	C:\Users\gaurav\Downloads\eclipse-java-2022-03-R-win32-x86_64\eclipse\plugins\org.eclipse.justj.openjdk.hotspot.jre.full.win32.x86_64_17.0.2.v20220201-1208\jre\bin\jli.dll
0x00007ff95f030000 - 0x00007ff95f1db000 	C:\WINDOWS\System32\USER32.dll
0x00007ff95cf90000 - 0x00007ff95cfb6000 	C:\WINDOWS\System32\win32u.dll
0x00007ff943340000 - 0x00007ff9435ce000 	C:\WINDOWS\WinSxS\amd64_microsoft.windows.common-controls_6595b64144ccf1df_6.0.22621.1635_none_270f70857386168e\COMCTL32.dll
0x00007ff95f6f0000 - 0x00007ff95f719000 	C:\WINDOWS\System32\GDI32.dll
0x00007ff95e860000 - 0x00007ff95e907000 	C:\WINDOWS\System32\msvcrt.dll
0x00007ff95d760000 - 0x00007ff95d878000 	C:\WINDOWS\System32\gdi32full.dll
0x00007ff95d370000 - 0x00007ff95d40a000 	C:\WINDOWS\System32\msvcp_win.dll
0x00007ff95e990000 - 0x00007ff95e9c1000 	C:\WINDOWS\System32\IMM32.DLL
0x00007ff9331c0000 - 0x00007ff9331cc000 	C:\Users\gaurav\Downloads\eclipse-java-2022-03-R-win32-x86_64\eclipse\plugins\org.eclipse.justj.openjdk.hotspot.jre.full.win32.x86_64_17.0.2.v20220201-1208\jre\bin\vcruntime140_1.dll
0x00007ff9201e0000 - 0x00007ff920271000 	C:\Users\gaurav\Downloads\eclipse-java-2022-03-R-win32-x86_64\eclipse\plugins\org.eclipse.justj.openjdk.hotspot.jre.full.win32.x86_64_17.0.2.v20220201-1208\jre\bin\msvcp140.dll
0x00007ff8e3d50000 - 0x00007ff8e4997000 	C:\Users\gaurav\Downloads\eclipse-java-2022-03-R-win32-x86_64\eclipse\plugins\org.eclipse.justj.openjdk.hotspot.jre.full.win32.x86_64_17.0.2.v20220201-1208\jre\bin\server\jvm.dll
0x00007ff95f720000 - 0x00007ff95f7ce000 	C:\WINDOWS\System32\ADVAPI32.dll
0x00007ff95ee10000 - 0x00007ff95eeb4000 	C:\WINDOWS\System32\sechost.dll
0x00007ff95ead0000 - 0x00007ff95ebe7000 	C:\WINDOWS\System32\RPCRT4.dll
0x00007ff95e6b0000 - 0x00007ff95e6b8000 	C:\WINDOWS\System32\PSAPI.DLL
0x00007ff8e3d40000 - 0x00007ff8e3d49000 	C:\WINDOWS\SYSTEM32\WSOCK32.dll
0x00007ff954f40000 - 0x00007ff954f74000 	C:\WINDOWS\SYSTEM32\WINMM.dll
0x00007ff954140000 - 0x00007ff95414a000 	C:\WINDOWS\SYSTEM32\VERSION.dll
0x00007ff95d970000 - 0x00007ff95d9e1000 	C:\WINDOWS\System32\WS2_32.dll
0x00007ff95bf50000 - 0x00007ff95bf68000 	C:\WINDOWS\SYSTEM32\kernel.appcore.dll
0x00007ff8e3d10000 - 0x00007ff8e3d1a000 	C:\Users\gaurav\Downloads\eclipse-java-2022-03-R-win32-x86_64\eclipse\plugins\org.eclipse.justj.openjdk.hotspot.jre.full.win32.x86_64_17.0.2.v20220201-1208\jre\bin\jimage.dll
0x00007ff949f40000 - 0x00007ff94a16e000 	C:\WINDOWS\SYSTEM32\DBGHELP.DLL
0x00007ff95da10000 - 0x00007ff95dd99000 	C:\WINDOWS\System32\combase.dll
0x00007ff95f7d0000 - 0x00007ff95f8a7000 	C:\WINDOWS\System32\OLEAUT32.dll
0x00007ff93cf20000 - 0x00007ff93cf52000 	C:\WINDOWS\SYSTEM32\dbgcore.DLL
0x00007ff95d880000 - 0x00007ff95d8fb000 	C:\WINDOWS\System32\bcryptPrimitives.dll
0x00007ff8e3ce0000 - 0x00007ff8e3d05000 	C:\Users\gaurav\Downloads\eclipse-java-2022-03-R-win32-x86_64\eclipse\plugins\org.eclipse.justj.openjdk.hotspot.jre.full.win32.x86_64_17.0.2.v20220201-1208\jre\bin\java.dll
0x00007ff8e3cc0000 - 0x00007ff8e3cd8000 	C:\Users\gaurav\Downloads\eclipse-java-2022-03-R-win32-x86_64\eclipse\plugins\org.eclipse.justj.openjdk.hotspot.jre.full.win32.x86_64_17.0.2.v20220201-1208\jre\bin\zip.dll
0x00007ff95dda0000 - 0x00007ff95e59a000 	C:\WINDOWS\System32\SHELL32.dll
0x00007ff95af40000 - 0x00007ff95b80e000 	C:\WINDOWS\SYSTEM32\windows.storage.dll
0x00007ff95ae00000 - 0x00007ff95af3e000 	C:\WINDOWS\SYSTEM32\wintypes.dll
0x00007ff95e5b0000 - 0x00007ff95e6a1000 	C:\WINDOWS\System32\SHCORE.dll
0x00007ff95ebf0000 - 0x00007ff95ec4e000 	C:\WINDOWS\System32\shlwapi.dll
0x00007ff95cec0000 - 0x00007ff95cee1000 	C:\WINDOWS\SYSTEM32\profapi.dll
0x00007ff91cea0000 - 0x00007ff91d02e000 	C:\Users\gaurav\Downloads\eclipse-java-2022-03-R-win32-x86_64\eclipse\plugins\org.eclipse.justj.openjdk.hotspot.jre.full.win32.x86_64_17.0.2.v20220201-1208\jre\bin\awt.dll
0x00007ff95a380000 - 0x00007ff95a417000 	C:\WINDOWS\SYSTEM32\apphelp.dll
0x00007ff95a7a0000 - 0x00007ff95a7cb000 	C:\WINDOWS\system32\DWMAPI.DLL
0x00007ff95a540000 - 0x00007ff95a5eb000 	C:\WINDOWS\system32\uxtheme.dll
0x00007ff8e8530000 - 0x00007ff8e8630000 	C:\WINDOWS\system32\opengl32.dll
0x00007ff8f0a10000 - 0x00007ff8f0a3d000 	C:\WINDOWS\SYSTEM32\GLU32.dll
0x00007ff95a650000 - 0x00007ff95a686000 	C:\WINDOWS\SYSTEM32\dxcore.dll
0x00007ff95fa10000 - 0x00007ff95fb2e000 	C:\WINDOWS\System32\MSCTF.dll
0x00007ff95e6c0000 - 0x00007ff95e85c000 	C:\WINDOWS\System32\ole32.dll
0x00007ff947f20000 - 0x00007ff9480c9000 	C:\WINDOWS\system32\d3d9.dll
0x00007ff953270000 - 0x00007ff95344b000 	C:\Windows\System32\DriverStore\FileRepository\u0367686.inf_amd64_8619bf9fd6ff97a0\B366682\aticfx64.dll
0x00007ff9156b0000 - 0x00007ff9156e3000 	C:\Windows\System32\DriverStore\FileRepository\u0367686.inf_amd64_8619bf9fd6ff97a0\B366682\atiu9p64.dll
0x00007ff8b5980000 - 0x00007ff8b66a1000 	C:\Windows\System32\DriverStore\FileRepository\u0367686.inf_amd64_8619bf9fd6ff97a0\B366682\atiumd64.dll
0x00000000560a0000 - 0x0000000056f62000 	C:\WINDOWS\System32\DriverStore\FileRepository\u0367686.inf_amd64_8619bf9fd6ff97a0\B366682\atiumd6a.dll
0x00007ff95cdb0000 - 0x00007ff95cdfd000 	C:\WINDOWS\SYSTEM32\POWRPROF.dll
0x00007ff95cc90000 - 0x00007ff95cca3000 	C:\WINDOWS\SYSTEM32\UMPDC.dll
0x00007ff950050000 - 0x00007ff950080000 	C:\WINDOWS\SYSTEM32\amdihk64.dll
0x00007ff957350000 - 0x00007ff957398000 	C:\WINDOWS\SYSTEM32\directxdatabasehelper.dll
0x00007ff920150000 - 0x00007ff9201d9000 	C:\Users\gaurav\Downloads\eclipse-java-2022-03-R-win32-x86_64\eclipse\plugins\org.eclipse.justj.openjdk.hotspot.jre.full.win32.x86_64_17.0.2.v20220201-1208\jre\bin\freetype.dll
0x00007ff91cdf0000 - 0x00007ff91ce98000 	C:\Users\gaurav\Downloads\eclipse-java-2022-03-R-win32-x86_64\eclipse\plugins\org.eclipse.justj.openjdk.hotspot.jre.full.win32.x86_64_17.0.2.v20220201-1208\jre\bin\fontmanager.dll
0x00007ff927820000 - 0x00007ff927839000 	C:\Users\gaurav\Downloads\eclipse-java-2022-03-R-win32-x86_64\eclipse\plugins\org.eclipse.justj.openjdk.hotspot.jre.full.win32.x86_64_17.0.2.v20220201-1208\jre\bin\net.dll
0x00007ff9551b0000 - 0x00007ff9552e7000 	C:\WINDOWS\SYSTEM32\WINHTTP.dll
0x00007ff95c420000 - 0x00007ff95c489000 	C:\WINDOWS\system32\mswsock.dll
0x00007ff927860000 - 0x00007ff927875000 	C:\Users\gaurav\Downloads\eclipse-java-2022-03-R-win32-x86_64\eclipse\plugins\org.eclipse.justj.openjdk.hotspot.jre.full.win32.x86_64_17.0.2.v20220201-1208\jre\bin\nio.dll

dbghelp: loaded successfully - version: 4.0.5 - missing functions: none
symbol engine: initialized successfully - sym options: 0x614 - pdb path: .;C:\Users\gaurav\Downloads\eclipse-java-2022-03-R-win32-x86_64\eclipse\plugins\org.eclipse.justj.openjdk.hotspot.jre.full.win32.x86_64_17.0.2.v20220201-1208\jre\bin;C:\WINDOWS\SYSTEM32;C:\WINDOWS\WinSxS\amd64_microsoft.windows.common-controls_6595b64144ccf1df_6.0.22621.1635_none_270f70857386168e;C:\Users\gaurav\Downloads\eclipse-java-2022-03-R-win32-x86_64\eclipse\plugins\org.eclipse.justj.openjdk.hotspot.jre.full.win32.x86_64_17.0.2.v20220201-1208\jre\bin\server;C:\Windows\System32\DriverStore\FileRepository\u0367686.inf_amd64_8619bf9fd6ff97a0\B366682

VM Arguments:
jvm_args: -Dfile.encoding=Cp1252 -XX:+ShowCodeDetailsInExceptionMessages 
java_command: Quiz.Quiz
java_class_path (initial): C:\Users\gaurav\eclipse-workspace\Quiz Application\bin
Launcher Type: SUN_STANDARD

[Global flags]
     intx CICompilerCount                          = 4                                         {product} {ergonomic}
     uint ConcGCThreads                            = 3                                         {product} {ergonomic}
     uint G1ConcRefinementThreads                  = 10                                        {product} {ergonomic}
   size_t G1HeapRegionSize                         = 1048576                                   {product} {ergonomic}
    uintx GCDrainStackTargetSize                   = 64                                        {product} {ergonomic}
   size_t InitialHeapSize                          = 123731968                                 {product} {ergonomic}
   size_t MarkStackSize                            = 4194304                                   {product} {ergonomic}
   size_t MaxHeapSize                              = 1977614336                                {product} {ergonomic}
   size_t MaxNewSize                               = 1185939456                                {product} {ergonomic}
   size_t MinHeapDeltaBytes                        = 1048576                                   {product} {ergonomic}
   size_t MinHeapSize                              = 8388608                                   {product} {ergonomic}
    uintx NonNMethodCodeHeapSize                   = 5839372                                {pd product} {ergonomic}
    uintx NonProfiledCodeHeapSize                  = 122909434                              {pd product} {ergonomic}
    uintx ProfiledCodeHeapSize                     = 122909434                              {pd product} {ergonomic}
    uintx ReservedCodeCacheSize                    = 251658240                              {pd product} {ergonomic}
     bool SegmentedCodeCache                       = true                                      {product} {ergonomic}
     bool ShowCodeDetailsInExceptionMessages       = true                                   {manageable} {command line}
   size_t SoftMaxHeapSize                          = 1977614336                             {manageable} {ergonomic}
     bool UseCompressedClassPointers               = true                           {product lp64_product} {ergonomic}
     bool UseCompressedOops                        = true                           {product lp64_product} {ergonomic}
     bool UseG1GC                                  = true                                      {product} {ergonomic}
     bool UseLargePagesIndividualAllocation        = false                                  {pd product} {ergonomic}

Logging:
Log output configuration:
 #0: stdout all=warning uptime,level,tags
 #1: stderr all=off uptime,level,tags

Environment Variables:
PATH=C:/Users/gaurav/Downloads/eclipse-java-2022-03-R-win32-x86_64/eclipse//plugins/org.eclipse.justj.openjdk.hotspot.jre.full.win32.x86_64_17.0.2.v20220201-1208/jre/bin/server;C:/Users/gaurav/Downloads/eclipse-java-2022-03-R-win32-x86_64/eclipse//plugins/org.eclipse.justj.openjdk.hotspot.jre.full.win32.x86_64_17.0.2.v20220201-1208/jre/bin;C:\Program Files\Common Files\Oracle\Java\javapath;C:\Pyhton310\Scripts;C:\Program Files (x86)\Common Files\Oracle\Java\javapath;C:\windows\system32;C:\windows;C:\windows\System32\Wbem;C:\windows\System32\WindowsPowerShell\v1.0\;C:\windows\System32\OpenSSH\;C:\Program Files (x86)\NVIDIA Corporation\PhysX\Common;C:\Program Files\NVIDIA Corporation\NVIDIA NvDLISR;C:\Program Files\Java\jdk1.8.0_341\bin;C:\WINDOWS\system32;C:\WINDOWS;C:\WINDOWS\System32\Wbem;C:\WINDOWS\System32\WindowsPowerShell\v1.0\;C:\WINDOWS\System32\OpenSSH\;C:\Program Files\Java\jdk-20\bin;C:\Users\gaurav\AppData\Local\Programs\Python\Python310\Scripts\;C:\Users\gaurav\AppData\Local\Programs\Python\Python310\;C:\Program Files (x86)\Common Files\Oracle\Java\javapath;C:\windows\system32;C:\windows;C:\windows\System32\Wbem;C:\windows\System32\WindowsPowerShell\v1.0\;C:\windows\System32\OpenSSH\;C:\Program Files (x86)\NVIDIA Corporation\PhysX\Common;C:\Program Files\NVIDIA Corporation\NVIDIA NvDLISR;C:\Program Files\Java\jdk1.8.0_341\bin;C:\Users\gaurav\AppData\Local\Microsoft\WindowsApps;C:\Users\gaurav\AppData\Local\JetBrains\IntelliJ IDEA Community Edition 2021.2.3\bin;C:\Users\gaurav\AppData\Local\Programs\Microsoft VS Code\bin;C:\Python37\Scripts;%USERPROFILE%\AppData\Local\Microsoft\WindowsApps;;C:\Users\gaurav\Downloads\eclipse-java-2022-03-R-win32-x86_64\eclipse;
USERNAME=gaurav
OS=Windows_NT
PROCESSOR_IDENTIFIER=AMD64 Family 23 Model 96 Stepping 1, AuthenticAMD



---------------  S Y S T E M  ---------------

OS:
 Windows 11 , 64 bit Build 22621 (10.0.22621.1635)
OS uptime: 1 days 2:50 hours
Hyper-V role detected

CPU: total 12 (initial active 12) (12 cores per cpu, 2 threads per core) family 23 model 96 stepping 1 microcode 0x0, cx8, cmov, fxsr, ht, mmx, 3dnowpref, sse, sse2, sse3, ssse3, sse4a, sse4.1, sse4.2, popcnt, lzcnt, tsc, tscinvbit, avx, avx2, aes, clmul, bmi1, bmi2, adx, sha, fma, vzeroupper, clflush, clflushopt, hv

Memory: 4k page, system-wide physical 7541M (361M free)
TotalPageFile size 31093M (AvailPageFile size 5M)
current process WorkingSet (physical memory assigned to process): 60M, peak: 60M
current process commit charge ("private bytes"): 219M, peak: 219M

vm_info: OpenJDK 64-Bit Server VM (17.0.2+8) for windows-amd64 JRE (17.0.2+8), built on Jan 20 2022 04:52:34 by "" with MS VC++ 16.7 (VS2019)

END.
