#
# There is insufficient memory for the Java Runtime Environment to continue.
# Native memory allocation (malloc) failed to allocate 464832 bytes for Chunk::new
# Possible reasons:
#   The system is out of physical RAM or swap space
#   The process is running with CompressedOops enabled, and the Java Heap may be blocking the growth of the native heap
# Possible solutions:
#   Reduce memory load on the system
#   Increase physical memory or swap space
#   Check if swap backing store is full
#   Decrease Java heap size (-Xmx/-Xms)
#   Decrease number of Java threads
#   Decrease Java thread stack sizes (-Xss)
#   Set larger code cache with -XX:ReservedCodeCacheSize=
#   JVM is running with Unscaled Compressed Oops mode in which the Java heap is
#     placed in the first 4GB address space. The Java Heap base address is the
#     maximum limit for the native heap growth. Please use -XX:HeapBaseMinAddress
#     to set the Java Heap base and to place the Java Heap above 4GB virtual address.
# This output file may be truncated or incomplete.
#
#  Out of Memory Error (arena.cpp:189), pid=19708, tid=1028
#
# JRE version: OpenJDK Runtime Environment Temurin-17.0.2+8 (17.0.2+8) (build 17.0.2+8)
# Java VM: OpenJDK 64-Bit Server VM Temurin-17.0.2+8 (17.0.2+8, mixed mode, tiered, compressed oops, compressed class ptrs, g1 gc, windows-amd64)
# No core dump will be written. Minidumps are not enabled by default on client versions of Windows
#

---------------  S U M M A R Y ------------

Command Line: -Dfile.encoding=Cp1252 -XX:+ShowCodeDetailsInExceptionMessages Quiz.Quiz

Host: AMD Ryzen 5 4600H with Radeon Graphics         , 12 cores, 7G,  Windows 11 , 64 bit Build 22621 (10.0.22621.1635)
Time: Sat Jun 10 14:47:58 2023 India Standard Time elapsed time: 1.027876 seconds (0d 0h 0m 1s)

---------------  T H R E A D  ---------------

Current thread (0x000001b3d041d8d0):  JavaThread "C2 CompilerThread0" daemon [_thread_in_native, id=1028, stack(0x0000001687400000,0x0000001687500000)]


Current CompileTask:
C2:   1027  774       4       sun.swing.SwingUtilities2::getFontCharsWidth (45 bytes)

Stack: [0x0000001687400000,0x0000001687500000]
Native frames: (J=compiled Java code, j=interpreted, Vv=VM code, C=native code)
V  [jvm.dll+0x67564a]
V  [jvm.dll+0x82fc04]
V  [jvm.dll+0x8313ae]
V  [jvm.dll+0x831a13]
V  [jvm.dll+0x245235]
V  [jvm.dll+0xabd7b]
V  [jvm.dll+0xac30c]
V  [jvm.dll+0x3631f7]
V  [jvm.dll+0x32d891]
V  [jvm.dll+0x32cd3a]
V  [jvm.dll+0x2180d1]
V  [jvm.dll+0x2174f1]
V  [jvm.dll+0x1a3a8d]
V  [jvm.dll+0x226ef8]
V  [jvm.dll+0x22503c]
V  [jvm.dll+0x7e596b]
V  [jvm.dll+0x7dff2a]
V  [jvm.dll+0x6744d5]
C  [ucrtbase.dll+0x29363]
C  [KERNEL32.DLL+0x126ad]
C  [ntdll.dll+0x5a9f8]


---------------  P R O C E S S  ---------------

Threads class SMR info:
_java_thread_list=0x000001b3d0baf980, length=17, elements={
0x000001b3b5a60470, 0x000001b3cf8c6c70, 0x000001b3cf8c7530, 0x000001b3cf91b870,
0x000001b3cf91c940, 0x000001b3d041c420, 0x000001b3d041cce0, 0x000001b3d041d8d0,
0x000001b3d041e1d0, 0x000001b3d0428ef0, 0x000001b3d057f680, 0x000001b3d0583d10,
0x000001b3d085bf40, 0x000001b3d085eed0, 0x000001b3d085f7b0, 0x000001b3d0bd7c30,
0x000001b3d0bcb3c0
}

Java Threads: ( => current thread )
  0x000001b3b5a60470 JavaThread "main" [_thread_in_vm, id=38156, stack(0x0000001686700000,0x0000001686800000)]
  0x000001b3cf8c6c70 JavaThread "Reference Handler" daemon [_thread_blocked, id=5448, stack(0x0000001686e00000,0x0000001686f00000)]
  0x000001b3cf8c7530 JavaThread "Finalizer" daemon [_thread_blocked, id=34308, stack(0x0000001686f00000,0x0000001687000000)]
  0x000001b3cf91b870 JavaThread "Signal Dispatcher" daemon [_thread_blocked, id=36964, stack(0x0000001687000000,0x0000001687100000)]
  0x000001b3cf91c940 JavaThread "Attach Listener" daemon [_thread_blocked, id=37192, stack(0x0000001687100000,0x0000001687200000)]
  0x000001b3d041c420 JavaThread "Service Thread" daemon [_thread_blocked, id=31844, stack(0x0000001687200000,0x0000001687300000)]
  0x000001b3d041cce0 JavaThread "Monitor Deflation Thread" daemon [_thread_blocked, id=12728, stack(0x0000001687300000,0x0000001687400000)]
=>0x000001b3d041d8d0 JavaThread "C2 CompilerThread0" daemon [_thread_in_native, id=1028, stack(0x0000001687400000,0x0000001687500000)]
  0x000001b3d041e1d0 JavaThread "C1 CompilerThread0" daemon [_thread_in_native, id=39452, stack(0x0000001687500000,0x0000001687600000)]
  0x000001b3d0428ef0 JavaThread "Sweeper thread" daemon [_thread_blocked, id=35244, stack(0x0000001687600000,0x0000001687700000)]
  0x000001b3d057f680 JavaThread "Notification Thread" daemon [_thread_blocked, id=18396, stack(0x0000001687700000,0x0000001687800000)]
  0x000001b3d0583d10 JavaThread "Common-Cleaner" daemon [_thread_blocked, id=33748, stack(0x0000001687900000,0x0000001687a00000)]
  0x000001b3d085bf40 JavaThread "Java2D Disposer" daemon [_thread_blocked, id=20332, stack(0x0000001687a00000,0x0000001687b00000)]
  0x000001b3d085eed0 JavaThread "AWT-Shutdown" [_thread_blocked, id=42756, stack(0x0000001687b00000,0x0000001687c00000)]
  0x000001b3d085f7b0 JavaThread "AWT-Windows" daemon [_thread_in_native, id=31156, stack(0x0000001687c00000,0x0000001687d00000)]
  0x000001b3d0bd7c30 JavaThread "C2 CompilerThread1" daemon [_thread_in_native, id=16296, stack(0x0000001688700000,0x0000001688800000)]
  0x000001b3d0bcb3c0 JavaThread "AWT-EventQueue-0" [_thread_in_vm, id=28772, stack(0x0000001688800000,0x0000001688900000)]

Other Threads:
  0x000001b3cf8f64b0 VMThread "VM Thread" [stack: 0x0000001686d00000,0x0000001686e00000] [id=41996]
  0x000001b3b5ab9950 WatcherThread [stack: 0x0000001687800000,0x0000001687900000] [id=32196]
  0x000001b3b5a9eaf0 GCTaskThread "GC Thread#0" [stack: 0x0000001686800000,0x0000001686900000] [id=38548]
  0x000001b3b5aae5f0 ConcurrentGCThread "G1 Main Marker" [stack: 0x0000001686900000,0x0000001686a00000] [id=36952]
  0x000001b3b5aaf900 ConcurrentGCThread "G1 Conc#0" [stack: 0x0000001686a00000,0x0000001686b00000] [id=36948]
  0x000001b3b5b22b90 ConcurrentGCThread "G1 Refine#0" [stack: 0x0000001686b00000,0x0000001686c00000] [id=37096]
  0x000001b3cf741490 ConcurrentGCThread "G1 Service" [stack: 0x0000001686c00000,0x0000001686d00000] [id=36944]

Threads with active compile tasks:
C2 CompilerThread0     1072  774       4       sun.swing.SwingUtilities2::getFontCharsWidth (45 bytes)
C1 CompilerThread0     1072  843       3       java.awt.geom.AffineTransform::<init> (15 bytes)
C2 CompilerThread1     1072  818       4       java.awt.Font::getStringBounds (219 bytes)

VM state: not at safepoint (normal execution)

VM Mutex/Monitor currently owned by a thread:  ([mutex/lock_event])
[0x000001b3b5a5b0b0] Metaspace_lock - owner thread: 0x000001b3b5a60470

Heap address: 0x000000008a200000, size: 1886 MB, Compressed Oops mode: 32-bit

CDS archive(s) not mapped
Compressed class space mapped at: 0x0000000100000000-0x0000000140000000, reserved size: 1073741824
Narrow klass base: 0x0000000000000000, Narrow klass shift: 3, Narrow klass range: 0x140000000

GC Precious Log:
 CPUs: 12 total, 12 available
 Memory: 7541M
 Large Page Support: Disabled
 NUMA Support: Disabled
 Compressed Oops: Enabled (32-bit)
 Heap Region Size: 1M
 Heap Min Capacity: 8M
 Heap Initial Capacity: 118M
 Heap Max Capacity: 1886M
 Pre-touch: Disabled
 Parallel Workers: 10
 Concurrent Workers: 3
 Concurrent Refinement Workers: 10
 Periodic GC: Disabled

Heap:
 garbage-first heap   total 120832K, used 7168K [0x000000008a200000, 0x0000000100000000)
  region size 1024K, 8 young (8192K), 0 survivors (0K)
 Metaspace       used 12792K, committed 12992K, reserved 1064960K
  class space    used 1278K, committed 1408K, reserved 1048576K

Heap Regions: E=young(eden), S=young(survivor), O=old, HS=humongous(starts), HC=humongous(continues), CS=collection set, F=free, OA=open archive, CA=closed archive, TAMS=top-at-mark-start (previous, next)
|   0|0x000000008a200000, 0x000000008a200000, 0x000000008a300000|  0%| F|  |TAMS 0x000000008a200000, 0x000000008a200000| Untracked 
|   1|0x000000008a300000, 0x000000008a300000, 0x000000008a400000|  0%| F|  |TAMS 0x000000008a300000, 0x000000008a300000| Untracked 
|   2|0x000000008a400000, 0x000000008a400000, 0x000000008a500000|  0%| F|  |TAMS 0x000000008a400000, 0x000000008a400000| Untracked 
|   3|0x000000008a500000, 0x000000008a500000, 0x000000008a600000|  0%| F|  |TAMS 0x000000008a500000, 0x000000008a500000| Untracked 
|   4|0x000000008a600000, 0x000000008a600000, 0x000000008a700000|  0%| F|  |TAMS 0x000000008a600000, 0x000000008a600000| Untracked 
|   5|0x000000008a700000, 0x000000008a700000, 0x000000008a800000|  0%| F|  |TAMS 0x000000008a700000, 0x000000008a700000| Untracked 
|   6|0x000000008a800000, 0x000000008a800000, 0x000000008a900000|  0%| F|  |TAMS 0x000000008a800000, 0x000000008a800000| Untracked 
|   7|0x000000008a900000, 0x000000008a900000, 0x000000008aa00000|  0%| F|  |TAMS 0x000000008a900000, 0x000000008a900000| Untracked 
|   8|0x000000008aa00000, 0x000000008aa00000, 0x000000008ab00000|  0%| F|  |TAMS 0x000000008aa00000, 0x000000008aa00000| Untracked 
|   9|0x000000008ab00000, 0x000000008ab00000, 0x000000008ac00000|  0%| F|  |TAMS 0x000000008ab00000, 0x000000008ab00000| Untracked 
|  10|0x000000008ac00000, 0x000000008ac00000, 0x000000008ad00000|  0%| F|  |TAMS 0x000000008ac00000, 0x000000008ac00000| Untracked 
|  11|0x000000008ad00000, 0x000000008ad00000, 0x000000008ae00000|  0%| F|  |TAMS 0x000000008ad00000, 0x000000008ad00000| Untracked 
|  12|0x000000008ae00000, 0x000000008ae00000, 0x000000008af00000|  0%| F|  |TAMS 0x000000008ae00000, 0x000000008ae00000| Untracked 
|  13|0x000000008af00000, 0x000000008af00000, 0x000000008b000000|  0%| F|  |TAMS 0x000000008af00000, 0x000000008af00000| Untracked 
|  14|0x000000008b000000, 0x000000008b000000, 0x000000008b100000|  0%| F|  |TAMS 0x000000008b000000, 0x000000008b000000| Untracked 
|  15|0x000000008b100000, 0x000000008b100000, 0x000000008b200000|  0%| F|  |TAMS 0x000000008b100000, 0x000000008b100000| Untracked 
|  16|0x000000008b200000, 0x000000008b200000, 0x000000008b300000|  0%| F|  |TAMS 0x000000008b200000, 0x000000008b200000| Untracked 
|  17|0x000000008b300000, 0x000000008b300000, 0x000000008b400000|  0%| F|  |TAMS 0x000000008b300000, 0x000000008b300000| Untracked 
|  18|0x000000008b400000, 0x000000008b400000, 0x000000008b500000|  0%| F|  |TAMS 0x000000008b400000, 0x000000008b400000| Untracked 
|  19|0x000000008b500000, 0x000000008b500000, 0x000000008b600000|  0%| F|  |TAMS 0x000000008b500000, 0x000000008b500000| Untracked 
|  20|0x000000008b600000, 0x000000008b600000, 0x000000008b700000|  0%| F|  |TAMS 0x000000008b600000, 0x000000008b600000| Untracked 
|  21|0x000000008b700000, 0x000000008b700000, 0x000000008b800000|  0%| F|  |TAMS 0x000000008b700000, 0x000000008b700000| Untracked 
|  22|0x000000008b800000, 0x000000008b800000, 0x000000008b900000|  0%| F|  |TAMS 0x000000008b800000, 0x000000008b800000| Untracked 
|  23|0x000000008b900000, 0x000000008b900000, 0x000000008ba00000|  0%| F|  |TAMS 0x000000008b900000, 0x000000008b900000| Untracked 
|  24|0x000000008ba00000, 0x000000008ba00000, 0x000000008bb00000|  0%| F|  |TAMS 0x000000008ba00000, 0x000000008ba00000| Untracked 
|  25|0x000000008bb00000, 0x000000008bb00000, 0x000000008bc00000|  0%| F|  |TAMS 0x000000008bb00000, 0x000000008bb00000| Untracked 
|  26|0x000000008bc00000, 0x000000008bc00000, 0x000000008bd00000|  0%| F|  |TAMS 0x000000008bc00000, 0x000000008bc00000| Untracked 
|  27|0x000000008bd00000, 0x000000008bd00000, 0x000000008be00000|  0%| F|  |TAMS 0x000000008bd00000, 0x000000008bd00000| Untracked 
|  28|0x000000008be00000, 0x000000008be00000, 0x000000008bf00000|  0%| F|  |TAMS 0x000000008be00000, 0x000000008be00000| Untracked 
|  29|0x000000008bf00000, 0x000000008bf00000, 0x000000008c000000|  0%| F|  |TAMS 0x000000008bf00000, 0x000000008bf00000| Untracked 
|  30|0x000000008c000000, 0x000000008c000000, 0x000000008c100000|  0%| F|  |TAMS 0x000000008c000000, 0x000000008c000000| Untracked 
|  31|0x000000008c100000, 0x000000008c100000, 0x000000008c200000|  0%| F|  |TAMS 0x000000008c100000, 0x000000008c100000| Untracked 
|  32|0x000000008c200000, 0x000000008c200000, 0x000000008c300000|  0%| F|  |TAMS 0x000000008c200000, 0x000000008c200000| Untracked 
|  33|0x000000008c300000, 0x000000008c300000, 0x000000008c400000|  0%| F|  |TAMS 0x000000008c300000, 0x000000008c300000| Untracked 
|  34|0x000000008c400000, 0x000000008c400000, 0x000000008c500000|  0%| F|  |TAMS 0x000000008c400000, 0x000000008c400000| Untracked 
|  35|0x000000008c500000, 0x000000008c500000, 0x000000008c600000|  0%| F|  |TAMS 0x000000008c500000, 0x000000008c500000| Untracked 
|  36|0x000000008c600000, 0x000000008c600000, 0x000000008c700000|  0%| F|  |TAMS 0x000000008c600000, 0x000000008c600000| Untracked 
|  37|0x000000008c700000, 0x000000008c700000, 0x000000008c800000|  0%| F|  |TAMS 0x000000008c700000, 0x000000008c700000| Untracked 
|  38|0x000000008c800000, 0x000000008c800000, 0x000000008c900000|  0%| F|  |TAMS 0x000000008c800000, 0x000000008c800000| Untracked 
|  39|0x000000008c900000, 0x000000008c900000, 0x000000008ca00000|  0%| F|  |TAMS 0x000000008c900000, 0x000000008c900000| Untracked 
|  40|0x000000008ca00000, 0x000000008ca00000, 0x000000008cb00000|  0%| F|  |TAMS 0x000000008ca00000, 0x000000008ca00000| Untracked 
|  41|0x000000008cb00000, 0x000000008cb00000, 0x000000008cc00000|  0%| F|  |TAMS 0x000000008cb00000, 0x000000008cb00000| Untracked 
|  42|0x000000008cc00000, 0x000000008cc00000, 0x000000008cd00000|  0%| F|  |TAMS 0x000000008cc00000, 0x000000008cc00000| Untracked 
|  43|0x000000008cd00000, 0x000000008cd00000, 0x000000008ce00000|  0%| F|  |TAMS 0x000000008cd00000, 0x000000008cd00000| Untracked 
|  44|0x000000008ce00000, 0x000000008ce00000, 0x000000008cf00000|  0%| F|  |TAMS 0x000000008ce00000, 0x000000008ce00000| Untracked 
|  45|0x000000008cf00000, 0x000000008cf00000, 0x000000008d000000|  0%| F|  |TAMS 0x000000008cf00000, 0x000000008cf00000| Untracked 
|  46|0x000000008d000000, 0x000000008d000000, 0x000000008d100000|  0%| F|  |TAMS 0x000000008d000000, 0x000000008d000000| Untracked 
|  47|0x000000008d100000, 0x000000008d100000, 0x000000008d200000|  0%| F|  |TAMS 0x000000008d100000, 0x000000008d100000| Untracked 
|  48|0x000000008d200000, 0x000000008d200000, 0x000000008d300000|  0%| F|  |TAMS 0x000000008d200000, 0x000000008d200000| Untracked 
|  49|0x000000008d300000, 0x000000008d300000, 0x000000008d400000|  0%| F|  |TAMS 0x000000008d300000, 0x000000008d300000| Untracked 
|  50|0x000000008d400000, 0x000000008d400000, 0x000000008d500000|  0%| F|  |TAMS 0x000000008d400000, 0x000000008d400000| Untracked 
|  51|0x000000008d500000, 0x000000008d500000, 0x000000008d600000|  0%| F|  |TAMS 0x000000008d500000, 0x000000008d500000| Untracked 
|  52|0x000000008d600000, 0x000000008d600000, 0x000000008d700000|  0%| F|  |TAMS 0x000000008d600000, 0x000000008d600000| Untracked 
|  53|0x000000008d700000, 0x000000008d700000, 0x000000008d800000|  0%| F|  |TAMS 0x000000008d700000, 0x000000008d700000| Untracked 
|  54|0x000000008d800000, 0x000000008d800000, 0x000000008d900000|  0%| F|  |TAMS 0x000000008d800000, 0x000000008d800000| Untracked 
|  55|0x000000008d900000, 0x000000008d900000, 0x000000008da00000|  0%| F|  |TAMS 0x000000008d900000, 0x000000008d900000| Untracked 
|  56|0x000000008da00000, 0x000000008da00000, 0x000000008db00000|  0%| F|  |TAMS 0x000000008da00000, 0x000000008da00000| Untracked 
|  57|0x000000008db00000, 0x000000008db00000, 0x000000008dc00000|  0%| F|  |TAMS 0x000000008db00000, 0x000000008db00000| Untracked 
|  58|0x000000008dc00000, 0x000000008dc00000, 0x000000008dd00000|  0%| F|  |TAMS 0x000000008dc00000, 0x000000008dc00000| Untracked 
|  59|0x000000008dd00000, 0x000000008dd00000, 0x000000008de00000|  0%| F|  |TAMS 0x000000008dd00000, 0x000000008dd00000| Untracked 
|  60|0x000000008de00000, 0x000000008de00000, 0x000000008df00000|  0%| F|  |TAMS 0x000000008de00000, 0x000000008de00000| Untracked 
|  61|0x000000008df00000, 0x000000008df00000, 0x000000008e000000|  0%| F|  |TAMS 0x000000008df00000, 0x000000008df00000| Untracked 
|  62|0x000000008e000000, 0x000000008e000000, 0x000000008e100000|  0%| F|  |TAMS 0x000000008e000000, 0x000000008e000000| Untracked 
|  63|0x000000008e100000, 0x000000008e100000, 0x000000008e200000|  0%| F|  |TAMS 0x000000008e100000, 0x000000008e100000| Untracked 
|  64|0x000000008e200000, 0x000000008e200000, 0x000000008e300000|  0%| F|  |TAMS 0x000000008e200000, 0x000000008e200000| Untracked 
|  65|0x000000008e300000, 0x000000008e300000, 0x000000008e400000|  0%| F|  |TAMS 0x000000008e300000, 0x000000008e300000| Untracked 
|  66|0x000000008e400000, 0x000000008e400000, 0x000000008e500000|  0%| F|  |TAMS 0x000000008e400000, 0x000000008e400000| Untracked 
|  67|0x000000008e500000, 0x000000008e500000, 0x000000008e600000|  0%| F|  |TAMS 0x000000008e500000, 0x000000008e500000| Untracked 
|  68|0x000000008e600000, 0x000000008e600000, 0x000000008e700000|  0%| F|  |TAMS 0x000000008e600000, 0x000000008e600000| Untracked 
|  69|0x000000008e700000, 0x000000008e700000, 0x000000008e800000|  0%| F|  |TAMS 0x000000008e700000, 0x000000008e700000| Untracked 
|  70|0x000000008e800000, 0x000000008e800000, 0x000000008e900000|  0%| F|  |TAMS 0x000000008e800000, 0x000000008e800000| Untracked 
|  71|0x000000008e900000, 0x000000008e900000, 0x000000008ea00000|  0%| F|  |TAMS 0x000000008e900000, 0x000000008e900000| Untracked 
|  72|0x000000008ea00000, 0x000000008ea00000, 0x000000008eb00000|  0%| F|  |TAMS 0x000000008ea00000, 0x000000008ea00000| Untracked 
|  73|0x000000008eb00000, 0x000000008eb00000, 0x000000008ec00000|  0%| F|  |TAMS 0x000000008eb00000, 0x000000008eb00000| Untracked 
|  74|0x000000008ec00000, 0x000000008ec00000, 0x000000008ed00000|  0%| F|  |TAMS 0x000000008ec00000, 0x000000008ec00000| Untracked 
|  75|0x000000008ed00000, 0x000000008ed00000, 0x000000008ee00000|  0%| F|  |TAMS 0x000000008ed00000, 0x000000008ed00000| Untracked 
|  76|0x000000008ee00000, 0x000000008ee00000, 0x000000008ef00000|  0%| F|  |TAMS 0x000000008ee00000, 0x000000008ee00000| Untracked 
|  77|0x000000008ef00000, 0x000000008ef00000, 0x000000008f000000|  0%| F|  |TAMS 0x000000008ef00000, 0x000000008ef00000| Untracked 
|  78|0x000000008f000000, 0x000000008f000000, 0x000000008f100000|  0%| F|  |TAMS 0x000000008f000000, 0x000000008f000000| Untracked 
|  79|0x000000008f100000, 0x000000008f100000, 0x000000008f200000|  0%| F|  |TAMS 0x000000008f100000, 0x000000008f100000| Untracked 
|  80|0x000000008f200000, 0x000000008f200000, 0x000000008f300000|  0%| F|  |TAMS 0x000000008f200000, 0x000000008f200000| Untracked 
|  81|0x000000008f300000, 0x000000008f300000, 0x000000008f400000|  0%| F|  |TAMS 0x000000008f300000, 0x000000008f300000| Untracked 
|  82|0x000000008f400000, 0x000000008f400000, 0x000000008f500000|  0%| F|  |TAMS 0x000000008f400000, 0x000000008f400000| Untracked 
|  83|0x000000008f500000, 0x000000008f500000, 0x000000008f600000|  0%| F|  |TAMS 0x000000008f500000, 0x000000008f500000| Untracked 
|  84|0x000000008f600000, 0x000000008f600000, 0x000000008f700000|  0%| F|  |TAMS 0x000000008f600000, 0x000000008f600000| Untracked 
|  85|0x000000008f700000, 0x000000008f700000, 0x000000008f800000|  0%| F|  |TAMS 0x000000008f700000, 0x000000008f700000| Untracked 
|  86|0x000000008f800000, 0x000000008f800000, 0x000000008f900000|  0%| F|  |TAMS 0x000000008f800000, 0x000000008f800000| Untracked 
|  87|0x000000008f900000, 0x000000008f900000, 0x000000008fa00000|  0%| F|  |TAMS 0x000000008f900000, 0x000000008f900000| Untracked 
|  88|0x000000008fa00000, 0x000000008fa00000, 0x000000008fb00000|  0%| F|  |TAMS 0x000000008fa00000, 0x000000008fa00000| Untracked 
|  89|0x000000008fb00000, 0x000000008fb00000, 0x000000008fc00000|  0%| F|  |TAMS 0x000000008fb00000, 0x000000008fb00000| Untracked 
|  90|0x000000008fc00000, 0x000000008fc00000, 0x000000008fd00000|  0%| F|  |TAMS 0x000000008fc00000, 0x000000008fc00000| Untracked 
|  91|0x000000008fd00000, 0x000000008fd00000, 0x000000008fe00000|  0%| F|  |TAMS 0x000000008fd00000, 0x000000008fd00000| Untracked 
|  92|0x000000008fe00000, 0x000000008fe00000, 0x000000008ff00000|  0%| F|  |TAMS 0x000000008fe00000, 0x000000008fe00000| Untracked 
|  93|0x000000008ff00000, 0x000000008ff00000, 0x0000000090000000|  0%| F|  |TAMS 0x000000008ff00000, 0x000000008ff00000| Untracked 
|  94|0x0000000090000000, 0x0000000090000000, 0x0000000090100000|  0%| F|  |TAMS 0x0000000090000000, 0x0000000090000000| Untracked 
|  95|0x0000000090100000, 0x0000000090100000, 0x0000000090200000|  0%| F|  |TAMS 0x0000000090100000, 0x0000000090100000| Untracked 
|  96|0x0000000090200000, 0x0000000090200000, 0x0000000090300000|  0%| F|  |TAMS 0x0000000090200000, 0x0000000090200000| Untracked 
|  97|0x0000000090300000, 0x0000000090300000, 0x0000000090400000|  0%| F|  |TAMS 0x0000000090300000, 0x0000000090300000| Untracked 
|  98|0x0000000090400000, 0x0000000090400000, 0x0000000090500000|  0%| F|  |TAMS 0x0000000090400000, 0x0000000090400000| Untracked 
|  99|0x0000000090500000, 0x0000000090500000, 0x0000000090600000|  0%| F|  |TAMS 0x0000000090500000, 0x0000000090500000| Untracked 
| 100|0x0000000090600000, 0x0000000090600000, 0x0000000090700000|  0%| F|  |TAMS 0x0000000090600000, 0x0000000090600000| Untracked 
| 101|0x0000000090700000, 0x0000000090700000, 0x0000000090800000|  0%| F|  |TAMS 0x0000000090700000, 0x0000000090700000| Untracked 
| 102|0x0000000090800000, 0x0000000090800000, 0x0000000090900000|  0%| F|  |TAMS 0x0000000090800000, 0x0000000090800000| Untracked 
| 103|0x0000000090900000, 0x0000000090900000, 0x0000000090a00000|  0%| F|  |TAMS 0x0000000090900000, 0x0000000090900000| Untracked 
| 104|0x0000000090a00000, 0x0000000090a00000, 0x0000000090b00000|  0%| F|  |TAMS 0x0000000090a00000, 0x0000000090a00000| Untracked 
| 105|0x0000000090b00000, 0x0000000090b00000, 0x0000000090c00000|  0%| F|  |TAMS 0x0000000090b00000, 0x0000000090b00000| Untracked 
| 106|0x0000000090c00000, 0x0000000090c00000, 0x0000000090d00000|  0%| F|  |TAMS 0x0000000090c00000, 0x0000000090c00000| Untracked 
| 107|0x0000000090d00000, 0x0000000090d00000, 0x0000000090e00000|  0%| F|  |TAMS 0x0000000090d00000, 0x0000000090d00000| Untracked 
| 108|0x0000000090e00000, 0x0000000090e00000, 0x0000000090f00000|  0%| F|  |TAMS 0x0000000090e00000, 0x0000000090e00000| Untracked 
| 109|0x0000000090f00000, 0x0000000090f00000, 0x0000000091000000|  0%| F|  |TAMS 0x0000000090f00000, 0x0000000090f00000| Untracked 
| 110|0x0000000091000000, 0x0000000091076448, 0x0000000091100000| 46%| E|  |TAMS 0x0000000091000000, 0x0000000091000000| Complete 
| 111|0x0000000091100000, 0x0000000091200000, 0x0000000091200000|100%| E|CS|TAMS 0x0000000091100000, 0x0000000091100000| Complete 
| 112|0x0000000091200000, 0x0000000091300000, 0x0000000091300000|100%| E|CS|TAMS 0x0000000091200000, 0x0000000091200000| Complete 
| 113|0x0000000091300000, 0x0000000091400000, 0x0000000091400000|100%| E|CS|TAMS 0x0000000091300000, 0x0000000091300000| Complete 
| 114|0x0000000091400000, 0x0000000091500000, 0x0000000091500000|100%| E|CS|TAMS 0x0000000091400000, 0x0000000091400000| Complete 
| 115|0x0000000091500000, 0x0000000091600000, 0x0000000091600000|100%| E|CS|TAMS 0x0000000091500000, 0x0000000091500000| Complete 
| 116|0x0000000091600000, 0x0000000091700000, 0x0000000091700000|100%| E|CS|TAMS 0x0000000091600000, 0x0000000091600000| Complete 
| 117|0x0000000091700000, 0x0000000091800000, 0x0000000091800000|100%| E|CS|TAMS 0x0000000091700000, 0x0000000091700000| Complete 

Card table byte_map: [0x000001b3c8a10000,0x000001b3c8dc0000] _byte_map_base: 0x000001b3c85bf000

Marking Bits (Prev, Next): (CMBitMap*) 0x000001b3b5a9f100, (CMBitMap*) 0x000001b3b5a9f140
 Prev Bits: [0x000001b3c9170000, 0x000001b3caee8000)
 Next Bits: [0x000001b3caef0000, 0x000001b3ccc68000)

Polling page: 0x000001b3b3a50000

Metaspace:

Usage:
  Non-class:     11.24 MB used.
      Class:      1.25 MB used.
       Both:     12.49 MB used.

Virtual space:
  Non-class space:       16.00 MB reserved,      11.31 MB ( 71%) committed,  2 nodes.
      Class space:        1.00 GB reserved,       1.38 MB ( <1%) committed,  1 nodes.
             Both:        1.02 GB reserved,      12.69 MB (  1%) committed. 

Chunk freelists:
   Non-Class:  488.00 KB
       Class:  2.61 MB
        Both:  3.09 MB

MaxMetaspaceSize: unlimited
CompressedClassSpaceSize: 1.00 GB
Initial GC threshold: 21.00 MB
Current GC threshold: 21.00 MB
CDS: off
MetaspaceReclaimPolicy: balanced
 - commit_granule_bytes: 65536.
 - commit_granule_words: 8192.
 - virtual_space_node_default_size: 1048576.
 - enlarge_chunks_in_place: 1.
 - new_chunks_are_fully_committed: 0.
 - uncommit_free_chunks: 1.
 - use_allocation_guard: 0.
 - handle_deallocations: 1.


Internal statistics:

num_allocs_failed_limit: 0.
num_arena_births: 110.
num_arena_deaths: 0.
num_vsnodes_births: 3.
num_vsnodes_deaths: 0.
num_space_committed: 203.
num_space_uncommitted: 0.
num_chunks_returned_to_freelist: 0.
num_chunks_taken_from_freelist: 156.
num_chunk_merges: 0.
num_chunk_splits: 91.
num_chunks_enlarged: 53.
num_purges: 0.
num_inconsistent_stats: 0.

CodeHeap 'non-profiled nmethods': size=120000Kb used=216Kb max_used=216Kb free=119784Kb
 bounds [0x000001b3c0be0000, 0x000001b3c0e50000, 0x000001b3c8110000]
CodeHeap 'profiled nmethods': size=120000Kb used=1267Kb max_used=1267Kb free=118732Kb
 bounds [0x000001b3b96b0000, 0x000001b3b9920000, 0x000001b3c0be0000]
CodeHeap 'non-nmethods': size=5760Kb used=1227Kb max_used=1244Kb free=4532Kb
 bounds [0x000001b3b9110000, 0x000001b3b9380000, 0x000001b3b96b0000]
 total_blobs=1374 nmethods=835 adapters=452
 compilation: enabled
              stopped_count=0, restarted_count=0
 full_count=0

Compilation events (20 events):
Event: 1.009 Thread 0x000001b3d041e1d0  799       3       java.nio.MappedByteBuffer::position (8 bytes)
Event: 1.009 Thread 0x000001b3d041e1d0 nmethod 799 0x000001b3b97d9490 code [0x000001b3b97d9640, 0x000001b3b97d97e8]
Event: 1.010 Thread 0x000001b3d0bd7c30 nmethod 791 0x000001b3c0c14e10 code [0x000001b3c0c14f80, 0x000001b3c0c150b8]
Event: 1.015 Thread 0x000001b3d041e1d0  800       3       java.nio.MappedByteBuffer::position (6 bytes)
Event: 1.015 Thread 0x000001b3d041e1d0 nmethod 800 0x000001b3b97d9890 code [0x000001b3b97d9a40, 0x000001b3b97d9c48]
Event: 1.016 Thread 0x000001b3d041e1d0  801       3       java.nio.Buffer::flip (20 bytes)
Event: 1.016 Thread 0x000001b3d041e1d0 nmethod 801 0x000001b3b97d9d90 code [0x000001b3b97d9f20, 0x000001b3b97da038]
Event: 1.017 Thread 0x000001b3d041e1d0  802       3       java.nio.ByteBuffer::flip (7 bytes)
Event: 1.017 Thread 0x000001b3d041e1d0 nmethod 802 0x000001b3b97da110 code [0x000001b3b97da2a0, 0x000001b3b97da418]
Event: 1.021 Thread 0x000001b3d041e1d0  803   !   3       sun.nio.ch.FileChannelImpl::position (258 bytes)
Event: 1.022 Thread 0x000001b3d041e1d0 nmethod 803 0x000001b3b97da510 code [0x000001b3b97da800, 0x000001b3b97db788]
Event: 1.022 Thread 0x000001b3d041e1d0  804       3       sun.nio.ch.FileDispatcherImpl::seek (6 bytes)
Event: 1.022 Thread 0x000001b3d041e1d0 nmethod 804 0x000001b3b97dbf90 code [0x000001b3b97dc120, 0x000001b3b97dc268]
Event: 1.022 Thread 0x000001b3d041e1d0  805   !   3       sun.nio.ch.IOUtil::releaseScope (31 bytes)
Event: 1.023 Thread 0x000001b3d041e1d0 nmethod 805 0x000001b3b97dc310 code [0x000001b3b97dc4e0, 0x000001b3b97dc768]
Event: 1.023 Thread 0x000001b3d041e1d0  808   !   3       sun.font.FontDesignMetrics::getMetrics (265 bytes)
Event: 1.024 Thread 0x000001b3d041e1d0 nmethod 808 0x000001b3b97dc890 code [0x000001b3b97dcd40, 0x000001b3b97df558]
Event: 1.024 Thread 0x000001b3d041e1d0  809       3       java.awt.Font::hashCode (76 bytes)
Event: 1.025 Thread 0x000001b3d041e1d0 nmethod 809 0x000001b3b97e0390 code [0x000001b3b97e0560, 0x000001b3b97e0838]
Event: 1.025 Thread 0x000001b3d041e1d0  810       3       java.awt.font.FontRenderContext::hashCode (71 bytes)

GC Heap History (0 events):
No events

Deoptimization events (20 events):
Event: 0.902 Thread 0x000001b3b5a60470 Uncommon trap: trap_request=0xffffffde fr.pc=0x000001b3c0bfd2a4 relative=0x00000000000001a4
Event: 0.902 Thread 0x000001b3b5a60470 Uncommon trap: reason=class_check action=maybe_recompile pc=0x000001b3c0bfd2a4 method=java.lang.String.equals(Ljava/lang/Object;)Z @ 8 c2
Event: 0.902 Thread 0x000001b3b5a60470 DEOPT PACKING pc=0x000001b3c0bfd2a4 sp=0x00000016867fee20
Event: 0.902 Thread 0x000001b3b5a60470 DEOPT UNPACKING pc=0x000001b3b91623a3 sp=0x00000016867fedc8 mode 2
Event: 0.990 Thread 0x000001b3b5a60470 Uncommon trap: trap_request=0xffffff45 fr.pc=0x000001b3c0c102d8 relative=0x0000000000000058
Event: 0.990 Thread 0x000001b3b5a60470 Uncommon trap: reason=unstable_if action=reinterpret pc=0x000001b3c0c102d8 method=java.awt.Font.hashCode()I @ 4 c2
Event: 0.990 Thread 0x000001b3b5a60470 DEOPT PACKING pc=0x000001b3c0c102d8 sp=0x00000016867fe3d0
Event: 0.990 Thread 0x000001b3b5a60470 DEOPT UNPACKING pc=0x000001b3b91623a3 sp=0x00000016867fe368 mode 2
Event: 0.990 Thread 0x000001b3b5a60470 Uncommon trap: trap_request=0xffffff45 fr.pc=0x000001b3c0c127dc relative=0x000000000000011c
Event: 0.990 Thread 0x000001b3b5a60470 Uncommon trap: reason=unstable_if action=reinterpret pc=0x000001b3c0c127dc method=java.awt.font.FontRenderContext.hashCode()I @ 4 c2
Event: 0.990 Thread 0x000001b3b5a60470 DEOPT PACKING pc=0x000001b3c0c127dc sp=0x00000016867fe3d0
Event: 0.990 Thread 0x000001b3b5a60470 DEOPT UNPACKING pc=0x000001b3b91623a3 sp=0x00000016867fe360 mode 2
Event: 0.990 Thread 0x000001b3b5a60470 Uncommon trap: trap_request=0xffffff45 fr.pc=0x000001b3c0c0fce0 relative=0x0000000000000060
Event: 0.990 Thread 0x000001b3b5a60470 Uncommon trap: reason=unstable_if action=reinterpret pc=0x000001b3c0c0fce0 method=java.awt.Font.equals(Ljava/lang/Object;)Z @ 2 c2
Event: 0.990 Thread 0x000001b3b5a60470 DEOPT PACKING pc=0x000001b3c0c0fce0 sp=0x00000016867fe540
Event: 0.990 Thread 0x000001b3b5a60470 DEOPT UNPACKING pc=0x000001b3b91623a3 sp=0x00000016867fe4d0 mode 2
Event: 1.022 Thread 0x000001b3b5a60470 Uncommon trap: trap_request=0xffffff45 fr.pc=0x000001b3c0c13d94 relative=0x0000000000000934
Event: 1.022 Thread 0x000001b3b5a60470 Uncommon trap: reason=unstable_if action=reinterpret pc=0x000001b3c0c13d94 method=java.awt.font.FontRenderContext.hashCode()I @ 4 c2
Event: 1.022 Thread 0x000001b3b5a60470 DEOPT PACKING pc=0x000001b3c0c13d94 sp=0x00000016867fe440
Event: 1.022 Thread 0x000001b3b5a60470 DEOPT UNPACKING pc=0x000001b3b91623a3 sp=0x00000016867fe2e0 mode 2

Classes unloaded (0 events):
No events

Classes redefined (0 events):
No events

Internal exceptions (10 events):
Event: 0.273 Thread 0x000001b3b5a60470 Exception <a 'java/lang/ClassNotFoundException'{0x0000000091647a70}: sun/awt/resources/spi/awtProvider> (0x0000000091647a70) 
thrown [e:\jenkins\tmp\workspace\build\src\src\hotspot\share\classfile\systemDictionary.cpp, line 256]
Event: 0.330 Thread 0x000001b3b5a60470 Exception <a 'java/io/FileNotFoundException'{0x00000000916a2548}> (0x00000000916a2548) 
thrown [e:\jenkins\tmp\workspace\build\src\src\hotspot\share\prims\jni.cpp, line 516]
Event: 0.345 Thread 0x000001b3b5a60470 Exception <a 'java/io/FileNotFoundException'{0x00000000916cf4f8}> (0x00000000916cf4f8) 
thrown [e:\jenkins\tmp\workspace\build\src\src\hotspot\share\prims\jni.cpp, line 516]
Event: 0.459 Thread 0x000001b3b5a60470 Exception <a 'java/lang/NoSuchMethodError'{0x0000000091523948}: 'java.lang.Object java.lang.invoke.DirectMethodHandle$Holder.invokeStaticInit(java.lang.Object)'> (0x0000000091523948) 
thrown [e:\jenkins\tmp\workspace\build\src\src\hotspot\share\interpreter\linkResolver.cpp, line 766]
Event: 0.650 Thread 0x000001b3b5a60470 Exception <a 'java/lang/NoSuchMethodError'{0x000000009156e7a0}: 'void java.lang.invoke.DirectMethodHandle$Holder.invokeSpecial(java.lang.Object, java.lang.Object, java.lang.Object)'> (0x000000009156e7a0) 
thrown [e:\jenkins\tmp\workspace\build\src\src\hotspot\share\interpreter\linkResolver.cpp, line 766]
Event: 0.662 Thread 0x000001b3b5a60470 Exception <a 'java/lang/NoSuchMethodError'{0x000000009140f390}: 'java.lang.Object java.lang.invoke.DirectMethodHandle$Holder.newInvokeSpecial(java.lang.Object, java.lang.Object, java.lang.Object, java.lang.Object, java.lang.Object)'> (0x000000009140f390) 
thrown [e:\jenkins\tmp\workspace\build\src\src\hotspot\share\interpreter\linkResolver.cpp, line 766]
Event: 0.664 Thread 0x000001b3b5a60470 Exception <a 'java/lang/NoSuchMethodError'{0x000000009141ad58}: 'java.lang.Object java.lang.invoke.DirectMethodHandle$Holder.invokeStatic(java.lang.Object, int, java.lang.Object, java.lang.Object, java.lang.Object, java.lang.Object)'> (0x000000009141ad58) 
thrown [e:\jenkins\tmp\workspace\build\src\src\hotspot\share\interpreter\linkResolver.cpp, line 766]
Event: 0.671 Thread 0x000001b3b5a60470 Exception <a 'java/lang/NoSuchMethodError'{0x0000000091440518}: 'java.lang.Object java.lang.invoke.DirectMethodHandle$Holder.invokeStatic(java.lang.Object, int, java.lang.Object)'> (0x0000000091440518) 
thrown [e:\jenkins\tmp\workspace\build\src\src\hotspot\share\interpreter\linkResolver.cpp, line 766]
Event: 0.705 Thread 0x000001b3b5a60470 Exception <a 'java/lang/ClassNotFoundException'{0x00000000914f82b8}: com/sun/swing/internal/plaf/metal/resources/spi/metalProvider> (0x00000000914f82b8) 
thrown [e:\jenkins\tmp\workspace\build\src\src\hotspot\share\classfile\systemDictionary.cpp, line 256]
Event: 0.707 Thread 0x000001b3b5a60470 Exception <a 'java/lang/ClassNotFoundException'{0x00000000914fc190}: com/sun/swing/internal/plaf/basic/resources/spi/basicProvider> (0x00000000914fc190) 
thrown [e:\jenkins\tmp\workspace\build\src\src\hotspot\share\classfile\systemDictionary.cpp, line 256]

VM Operations (8 events):
Event: 0.204 Executing VM operation: HandshakeAllThreads
Event: 0.204 Executing VM operation: HandshakeAllThreads done
Event: 0.705 Executing VM operation: HandshakeAllThreads
Event: 0.705 Executing VM operation: HandshakeAllThreads done
Event: 0.753 Executing VM operation: HandshakeAllThreads
Event: 0.753 Executing VM operation: HandshakeAllThreads done
Event: 0.843 Executing VM operation: HandshakeAllThreads
Event: 0.843 Executing VM operation: HandshakeAllThreads done

Events (20 events):
Event: 0.990 loading class java/awt/EventDispatchThread$1 done
Event: 0.990 loading class sun/swing/SwingUtilities2$KeyPair done
Event: 0.990 loading class java/awt/EventDispatchThread$HierarchyEventFilter
Event: 0.990 loading class java/awt/EventFilter
Event: 0.990 loading class java/awt/EventFilter done
Event: 0.990 loading class java/awt/EventDispatchThread$HierarchyEventFilter done
Event: 0.990 loading class java/awt/ModalEventFilter
Event: 0.991 loading class java/awt/ModalEventFilter done
Event: 0.992 loading class java/awt/EventFilter$FilterAction
Event: 0.992 loading class java/awt/EventFilter$FilterAction done
Event: 0.992 loading class sun/awt/dnd/SunDragSourceContextPeer
Event: 0.992 loading class java/awt/dnd/peer/DragSourceContextPeer
Event: 0.992 loading class java/awt/dnd/peer/DragSourceContextPeer done
Event: 0.992 loading class sun/awt/dnd/SunDragSourceContextPeer done
Event: 0.992 loading class java/awt/EventQueue$4
Event: 0.993 loading class java/awt/EventQueue$4 done
Event: 0.993 loading class java/awt/EventQueue$5
Event: 0.993 loading class java/awt/EventQueue$5 done
Event: 0.993 loading class java/awt/event/InputMethodEvent
Event: 0.993 loading class java/awt/event/InputMethodEvent done


Dynamic libraries:
0x00007ff712330000 - 0x00007ff71233e000 	C:\Users\gaurav\Downloads\eclipse-java-2022-03-R-win32-x86_64\eclipse\plugins\org.eclipse.justj.openjdk.hotspot.jre.full.win32.x86_64_17.0.2.v20220201-1208\jre\bin\javaw.exe
0x00007ff95fb70000 - 0x00007ff95fd84000 	C:\WINDOWS\SYSTEM32\ntdll.dll
0x00007ff95eec0000 - 0x00007ff95ef82000 	C:\WINDOWS\System32\KERNEL32.DLL
0x00007ff95cfc0000 - 0x00007ff95d363000 	C:\WINDOWS\System32\KERNELBASE.dll
0x00007ff95d640000 - 0x00007ff95d751000 	C:\WINDOWS\System32\ucrtbase.dll
0x00007ff920670000 - 0x00007ff920689000 	C:\Users\gaurav\Downloads\eclipse-java-2022-03-R-win32-x86_64\eclipse\plugins\org.eclipse.justj.openjdk.hotspot.jre.full.win32.x86_64_17.0.2.v20220201-1208\jre\bin\VCRUNTIME140.dll
0x00007ff920650000 - 0x00007ff920668000 	C:\Users\gaurav\Downloads\eclipse-java-2022-03-R-win32-x86_64\eclipse\plugins\org.eclipse.justj.openjdk.hotspot.jre.full.win32.x86_64_17.0.2.v20220201-1208\jre\bin\jli.dll
0x00007ff95f030000 - 0x00007ff95f1db000 	C:\WINDOWS\System32\USER32.dll
0x00007ff95cf90000 - 0x00007ff95cfb6000 	C:\WINDOWS\System32\win32u.dll
0x00007ff95f6f0000 - 0x00007ff95f719000 	C:\WINDOWS\System32\GDI32.dll
0x00007ff95d760000 - 0x00007ff95d878000 	C:\WINDOWS\System32\gdi32full.dll
0x00007ff943340000 - 0x00007ff9435ce000 	C:\WINDOWS\WinSxS\amd64_microsoft.windows.common-controls_6595b64144ccf1df_6.0.22621.1635_none_270f70857386168e\COMCTL32.dll
0x00007ff95d370000 - 0x00007ff95d40a000 	C:\WINDOWS\System32\msvcp_win.dll
0x00007ff95e860000 - 0x00007ff95e907000 	C:\WINDOWS\System32\msvcrt.dll
0x00007ff95e990000 - 0x00007ff95e9c1000 	C:\WINDOWS\System32\IMM32.DLL
0x00007ff9331c0000 - 0x00007ff9331cc000 	C:\Users\gaurav\Downloads\eclipse-java-2022-03-R-win32-x86_64\eclipse\plugins\org.eclipse.justj.openjdk.hotspot.jre.full.win32.x86_64_17.0.2.v20220201-1208\jre\bin\vcruntime140_1.dll
0x00007ff9201e0000 - 0x00007ff920271000 	C:\Users\gaurav\Downloads\eclipse-java-2022-03-R-win32-x86_64\eclipse\plugins\org.eclipse.justj.openjdk.hotspot.jre.full.win32.x86_64_17.0.2.v20220201-1208\jre\bin\msvcp140.dll
0x00007ff8e3d50000 - 0x00007ff8e4997000 	C:\Users\gaurav\Downloads\eclipse-java-2022-03-R-win32-x86_64\eclipse\plugins\org.eclipse.justj.openjdk.hotspot.jre.full.win32.x86_64_17.0.2.v20220201-1208\jre\bin\server\jvm.dll
0x00007ff95f720000 - 0x00007ff95f7ce000 	C:\WINDOWS\System32\ADVAPI32.dll
0x00007ff95ee10000 - 0x00007ff95eeb4000 	C:\WINDOWS\System32\sechost.dll
0x00007ff95ead0000 - 0x00007ff95ebe7000 	C:\WINDOWS\System32\RPCRT4.dll
0x00007ff95e6b0000 - 0x00007ff95e6b8000 	C:\WINDOWS\System32\PSAPI.DLL
0x00007ff8e3d40000 - 0x00007ff8e3d49000 	C:\WINDOWS\SYSTEM32\WSOCK32.dll
0x00007ff954f40000 - 0x00007ff954f74000 	C:\WINDOWS\SYSTEM32\WINMM.dll
0x00007ff954140000 - 0x00007ff95414a000 	C:\WINDOWS\SYSTEM32\VERSION.dll
0x00007ff95d970000 - 0x00007ff95d9e1000 	C:\WINDOWS\System32\WS2_32.dll
0x00007ff95bf50000 - 0x00007ff95bf68000 	C:\WINDOWS\SYSTEM32\kernel.appcore.dll
0x00007ff8e3d10000 - 0x00007ff8e3d1a000 	C:\Users\gaurav\Downloads\eclipse-java-2022-03-R-win32-x86_64\eclipse\plugins\org.eclipse.justj.openjdk.hotspot.jre.full.win32.x86_64_17.0.2.v20220201-1208\jre\bin\jimage.dll
0x00007ff949f40000 - 0x00007ff94a16e000 	C:\WINDOWS\SYSTEM32\DBGHELP.DLL
0x00007ff95da10000 - 0x00007ff95dd99000 	C:\WINDOWS\System32\combase.dll
0x00007ff95f7d0000 - 0x00007ff95f8a7000 	C:\WINDOWS\System32\OLEAUT32.dll
0x00007ff93cf20000 - 0x00007ff93cf52000 	C:\WINDOWS\SYSTEM32\dbgcore.DLL
0x00007ff95d880000 - 0x00007ff95d8fb000 	C:\WINDOWS\System32\bcryptPrimitives.dll
0x00007ff8e3ce0000 - 0x00007ff8e3d05000 	C:\Users\gaurav\Downloads\eclipse-java-2022-03-R-win32-x86_64\eclipse\plugins\org.eclipse.justj.openjdk.hotspot.jre.full.win32.x86_64_17.0.2.v20220201-1208\jre\bin\java.dll
0x00007ff8e3cc0000 - 0x00007ff8e3cd8000 	C:\Users\gaurav\Downloads\eclipse-java-2022-03-R-win32-x86_64\eclipse\plugins\org.eclipse.justj.openjdk.hotspot.jre.full.win32.x86_64_17.0.2.v20220201-1208\jre\bin\zip.dll
0x00007ff95dda0000 - 0x00007ff95e59a000 	C:\WINDOWS\System32\SHELL32.dll
0x00007ff95af40000 - 0x00007ff95b80e000 	C:\WINDOWS\SYSTEM32\windows.storage.dll
0x00007ff95ae00000 - 0x00007ff95af3e000 	C:\WINDOWS\SYSTEM32\wintypes.dll
0x00007ff95e5b0000 - 0x00007ff95e6a1000 	C:\WINDOWS\System32\SHCORE.dll
0x00007ff95ebf0000 - 0x00007ff95ec4e000 	C:\WINDOWS\System32\shlwapi.dll
0x00007ff95cec0000 - 0x00007ff95cee1000 	C:\WINDOWS\SYSTEM32\profapi.dll
0x00007ff91cea0000 - 0x00007ff91d02e000 	C:\Users\gaurav\Downloads\eclipse-java-2022-03-R-win32-x86_64\eclipse\plugins\org.eclipse.justj.openjdk.hotspot.jre.full.win32.x86_64_17.0.2.v20220201-1208\jre\bin\awt.dll
0x00007ff95a380000 - 0x00007ff95a417000 	C:\WINDOWS\SYSTEM32\apphelp.dll
0x00007ff95a7a0000 - 0x00007ff95a7cb000 	C:\WINDOWS\system32\DWMAPI.DLL
0x00007ff95a540000 - 0x00007ff95a5eb000 	C:\WINDOWS\system32\uxtheme.dll
0x00007ff8e8530000 - 0x00007ff8e8630000 	C:\WINDOWS\system32\opengl32.dll
0x00007ff8f0a10000 - 0x00007ff8f0a3d000 	C:\WINDOWS\SYSTEM32\GLU32.dll
0x00007ff95a650000 - 0x00007ff95a686000 	C:\WINDOWS\SYSTEM32\dxcore.dll
0x00007ff95fa10000 - 0x00007ff95fb2e000 	C:\WINDOWS\System32\MSCTF.dll
0x00007ff95e6c0000 - 0x00007ff95e85c000 	C:\WINDOWS\System32\ole32.dll
0x00007ff947f20000 - 0x00007ff9480c9000 	C:\WINDOWS\system32\d3d9.dll
0x00007ff953270000 - 0x00007ff95344b000 	C:\Windows\System32\DriverStore\FileRepository\u0367686.inf_amd64_8619bf9fd6ff97a0\B366682\aticfx64.dll
0x00007ff9156b0000 - 0x00007ff9156e3000 	C:\Windows\System32\DriverStore\FileRepository\u0367686.inf_amd64_8619bf9fd6ff97a0\B366682\atiu9p64.dll
0x00007ff8b5980000 - 0x00007ff8b66a1000 	C:\Windows\System32\DriverStore\FileRepository\u0367686.inf_amd64_8619bf9fd6ff97a0\B366682\atiumd64.dll
0x00000000560a0000 - 0x0000000056f62000 	C:\WINDOWS\System32\DriverStore\FileRepository\u0367686.inf_amd64_8619bf9fd6ff97a0\B366682\atiumd6a.dll
0x00007ff95cdb0000 - 0x00007ff95cdfd000 	C:\WINDOWS\SYSTEM32\POWRPROF.dll
0x00007ff95cc90000 - 0x00007ff95cca3000 	C:\WINDOWS\SYSTEM32\UMPDC.dll
0x00007ff950050000 - 0x00007ff950080000 	C:\WINDOWS\SYSTEM32\amdihk64.dll
0x00007ff957350000 - 0x00007ff957398000 	C:\WINDOWS\SYSTEM32\directxdatabasehelper.dll
0x00007ff920150000 - 0x00007ff9201d9000 	C:\Users\gaurav\Downloads\eclipse-java-2022-03-R-win32-x86_64\eclipse\plugins\org.eclipse.justj.openjdk.hotspot.jre.full.win32.x86_64_17.0.2.v20220201-1208\jre\bin\freetype.dll
0x00007ff91cdf0000 - 0x00007ff91ce98000 	C:\Users\gaurav\Downloads\eclipse-java-2022-03-R-win32-x86_64\eclipse\plugins\org.eclipse.justj.openjdk.hotspot.jre.full.win32.x86_64_17.0.2.v20220201-1208\jre\bin\fontmanager.dll
0x00007ff927820000 - 0x00007ff927839000 	C:\Users\gaurav\Downloads\eclipse-java-2022-03-R-win32-x86_64\eclipse\plugins\org.eclipse.justj.openjdk.hotspot.jre.full.win32.x86_64_17.0.2.v20220201-1208\jre\bin\net.dll
0x00007ff9551b0000 - 0x00007ff9552e7000 	C:\WINDOWS\SYSTEM32\WINHTTP.dll
0x00007ff95c420000 - 0x00007ff95c489000 	C:\WINDOWS\system32\mswsock.dll
0x00007ff927860000 - 0x00007ff927875000 	C:\Users\gaurav\Downloads\eclipse-java-2022-03-R-win32-x86_64\eclipse\plugins\org.eclipse.justj.openjdk.hotspot.jre.full.win32.x86_64_17.0.2.v20220201-1208\jre\bin\nio.dll

dbghelp: loaded successfully - version: 4.0.5 - missing functions: none
symbol engine: initialized successfully - sym options: 0x614 - pdb path: .;C:\Users\gaurav\Downloads\eclipse-java-2022-03-R-win32-x86_64\eclipse\plugins\org.eclipse.justj.openjdk.hotspot.jre.full.win32.x86_64_17.0.2.v20220201-1208\jre\bin;C:\WINDOWS\SYSTEM32;C:\WINDOWS\WinSxS\amd64_microsoft.windows.common-controls_6595b64144ccf1df_6.0.22621.1635_none_270f70857386168e;C:\Users\gaurav\Downloads\eclipse-java-2022-03-R-win32-x86_64\eclipse\plugins\org.eclipse.justj.openjdk.hotspot.jre.full.win32.x86_64_17.0.2.v20220201-1208\jre\bin\server;C:\Windows\System32\DriverStore\FileRepository\u0367686.inf_amd64_8619bf9fd6ff97a0\B366682

VM Arguments:
jvm_args: -Dfile.encoding=Cp1252 -XX:+ShowCodeDetailsInExceptionMessages 
java_command: Quiz.Quiz
java_class_path (initial): C:\Users\gaurav\eclipse-workspace\Quiz Application\bin
Launcher Type: SUN_STANDARD

[Global flags]
     intx CICompilerCount                          = 4                                         {product} {ergonomic}
     uint ConcGCThreads                            = 3                                         {product} {ergonomic}
     uint G1ConcRefinementThreads                  = 10                                        {product} {ergonomic}
   size_t G1HeapRegionSize                         = 1048576                                   {product} {ergonomic}
    uintx GCDrainStackTargetSize                   = 64                                        {product} {ergonomic}
   size_t InitialHeapSize                          = 123731968                                 {product} {ergonomic}
   size_t MarkStackSize                            = 4194304                                   {product} {ergonomic}
   size_t MaxHeapSize                              = 1977614336                                {product} {ergonomic}
   size_t MaxNewSize                               = 1185939456                                {product} {ergonomic}
   size_t MinHeapDeltaBytes                        = 1048576                                   {product} {ergonomic}
   size_t MinHeapSize                              = 8388608                                   {product} {ergonomic}
    uintx NonNMethodCodeHeapSize                   = 5839372                                {pd product} {ergonomic}
    uintx NonProfiledCodeHeapSize                  = 122909434                              {pd product} {ergonomic}
    uintx ProfiledCodeHeapSize                     = 122909434                              {pd product} {ergonomic}
    uintx ReservedCodeCacheSize                    = 251658240                              {pd product} {ergonomic}
     bool SegmentedCodeCache                       = true                                      {product} {ergonomic}
     bool ShowCodeDetailsInExceptionMessages       = true                                   {manageable} {command line}
   size_t SoftMaxHeapSize                          = 1977614336                             {manageable} {ergonomic}
     bool UseCompressedClassPointers               = true                           {product lp64_product} {ergonomic}
     bool UseCompressedOops                        = true                           {product lp64_product} {ergonomic}
     bool UseG1GC                                  = true                                      {product} {ergonomic}
     bool UseLargePagesIndividualAllocation        = false                                  {pd product} {ergonomic}

Logging:
Log output configuration:
 #0: stdout all=warning uptime,level,tags
 #1: stderr all=off uptime,level,tags

Environment Variables:
PATH=C:/Users/gaurav/Downloads/eclipse-java-2022-03-R-win32-x86_64/eclipse//plugins/org.eclipse.justj.openjdk.hotspot.jre.full.win32.x86_64_17.0.2.v20220201-1208/jre/bin/server;C:/Users/gaurav/Downloads/eclipse-java-2022-03-R-win32-x86_64/eclipse//plugins/org.eclipse.justj.openjdk.hotspot.jre.full.win32.x86_64_17.0.2.v20220201-1208/jre/bin;C:\Program Files\Common Files\Oracle\Java\javapath;C:\Pyhton310\Scripts;C:\Program Files (x86)\Common Files\Oracle\Java\javapath;C:\windows\system32;C:\windows;C:\windows\System32\Wbem;C:\windows\System32\WindowsPowerShell\v1.0\;C:\windows\System32\OpenSSH\;C:\Program Files (x86)\NVIDIA Corporation\PhysX\Common;C:\Program Files\NVIDIA Corporation\NVIDIA NvDLISR;C:\Program Files\Java\jdk1.8.0_341\bin;C:\WINDOWS\system32;C:\WINDOWS;C:\WINDOWS\System32\Wbem;C:\WINDOWS\System32\WindowsPowerShell\v1.0\;C:\WINDOWS\System32\OpenSSH\;C:\Program Files\Java\jdk-20\bin;C:\Users\gaurav\AppData\Local\Programs\Python\Python310\Scripts\;C:\Users\gaurav\AppData\Local\Programs\Python\Python310\;C:\Program Files (x86)\Common Files\Oracle\Java\javapath;C:\windows\system32;C:\windows;C:\windows\System32\Wbem;C:\windows\System32\WindowsPowerShell\v1.0\;C:\windows\System32\OpenSSH\;C:\Program Files (x86)\NVIDIA Corporation\PhysX\Common;C:\Program Files\NVIDIA Corporation\NVIDIA NvDLISR;C:\Program Files\Java\jdk1.8.0_341\bin;C:\Users\gaurav\AppData\Local\Microsoft\WindowsApps;C:\Users\gaurav\AppData\Local\JetBrains\IntelliJ IDEA Community Edition 2021.2.3\bin;C:\Users\gaurav\AppData\Local\Programs\Microsoft VS Code\bin;C:\Python37\Scripts;%USERPROFILE%\AppData\Local\Microsoft\WindowsApps;;C:\Users\gaurav\Downloads\eclipse-java-2022-03-R-win32-x86_64\eclipse;
USERNAME=gaurav
OS=Windows_NT
PROCESSOR_IDENTIFIER=AMD64 Family 23 Model 96 Stepping 1, AuthenticAMD



---------------  S Y S T E M  ---------------

OS:
 Windows 11 , 64 bit Build 22621 (10.0.22621.1635)
OS uptime: 1 days 2:46 hours
Hyper-V role detected

CPU: total 12 (initial active 12) (12 cores per cpu, 2 threads per core) family 23 model 96 stepping 1 microcode 0x0, cx8, cmov, fxsr, ht, mmx, 3dnowpref, sse, sse2, sse3, ssse3, sse4a, sse4.1, sse4.2, popcnt, lzcnt, tsc, tscinvbit, avx, avx2, aes, clmul, bmi1, bmi2, adx, sha, fma, vzeroupper, clflush, clflushopt, hv

Memory: 4k page, system-wide physical 7541M (493M free)
TotalPageFile size 31093M (AvailPageFile size 0M)
current process WorkingSet (physical memory assigned to process): 72M, peak: 72M
current process commit charge ("private bytes"): 231M, peak: 231M

vm_info: OpenJDK 64-Bit Server VM (17.0.2+8) for windows-amd64 JRE (17.0.2+8), built on Jan 20 2022 04:52:34 by "" with MS VC++ 16.7 (VS2019)

END.
